The system is: Linux - 4.4.0-210-generic - x86_64
Compiling the C compiler identification source file "CMakeCCompilerId.c" succeeded.
Compiler: /usr/lib/ccache/cc 
Build flags: 
Id flags:  

The output was:
0


Compilation of the C compiler identification source "CMakeCCompilerId.c" produced "a.out"

The C compiler identification is GNU, found in "/home/anupam/github_robotics/simulator/mujoco/build/CMakeFiles/3.25.2/CompilerIdC/a.out"

Compiling the CXX compiler identification source file "CMakeCXXCompilerId.cpp" succeeded.
Compiler: /usr/lib/ccache/c++ 
Build flags: 
Id flags:  

The output was:
0


Compilation of the CXX compiler identification source "CMakeCXXCompilerId.cpp" produced "a.out"

The CXX compiler identification is GNU, found in "/home/anupam/github_robotics/simulator/mujoco/build/CMakeFiles/3.25.2/CompilerIdCXX/a.out"

Detecting C compiler ABI info compiled with the following output:
Change Dir: /home/anupam/github_robotics/simulator/mujoco/build/CMakeFiles/CMakeScratch/TryCompile-ERkAUd

Run Build Command(s):/usr/bin/make -f Makefile cmTC_85c59/fast && /usr/bin/make  -f CMakeFiles/cmTC_85c59.dir/build.make CMakeFiles/cmTC_85c59.dir/build
make[1]: Entering directory '/home/anupam/github_robotics/simulator/mujoco/build/CMakeFiles/CMakeScratch/TryCompile-ERkAUd'
Building C object CMakeFiles/cmTC_85c59.dir/CMakeCCompilerABI.c.o
/usr/lib/ccache/cc   -v -o CMakeFiles/cmTC_85c59.dir/CMakeCCompilerABI.c.o -c /usr/local/share/cmake-3.25/Modules/CMakeCCompilerABI.c
Using built-in specs.
COLLECT_GCC=/usr/bin/cc
Target: x86_64-linux-gnu
Configured with: ../src/configure -v --with-pkgversion='Ubuntu 5.5.0-12ubuntu1~16.04' --with-bugurl=file:///usr/share/doc/gcc-5/README.Bugs --enable-languages=c,ada,c++,java,go,d,fortran,objc,obj-c++ --prefix=/usr --program-suffix=-5 --enable-shared --enable-linker-build-id --libexecdir=/usr/lib --without-included-gettext --enable-threads=posix --libdir=/usr/lib --enable-nls --with-sysroot=/ --enable-clocale=gnu --enable-libstdcxx-debug --enable-libstdcxx-time=yes --with-default-libstdcxx-abi=new --enable-gnu-unique-object --disable-vtable-verify --enable-libmpx --enable-plugin --with-system-zlib --disable-browser-plugin --enable-java-awt=gtk --enable-gtk-cairo --with-java-home=/usr/lib/jvm/java-1.5.0-gcj-5-amd64/jre --enable-java-home --with-jvm-root-dir=/usr/lib/jvm/java-1.5.0-gcj-5-amd64 --with-jvm-jar-dir=/usr/lib/jvm-exports/java-1.5.0-gcj-5-amd64 --with-arch-directory=amd64 --with-ecj-jar=/usr/share/java/eclipse-ecj.jar --enable-objc-gc --enable-multiarch --disable-werror --with-arch-32=i686 --with-abi=m64 --with-multilib-list=m32,m64,mx32 --enable-multilib --with-tune=generic --enable-checking=release --build=x86_64-linux-gnu --host=x86_64-linux-gnu --target=x86_64-linux-gnu
Thread model: posix
gcc version 5.5.0 20171010 (Ubuntu 5.5.0-12ubuntu1~16.04) 
COLLECT_GCC_OPTIONS='-v' '-E' '-mtune=generic' '-march=x86-64'
 /usr/lib/gcc/x86_64-linux-gnu/5/cc1 -E -quiet -v -imultiarch x86_64-linux-gnu /usr/local/share/cmake-3.25/Modules/CMakeCCompilerABI.c -mtune=generic -march=x86-64 -fstack-protector-strong -Wformat -Wformat-security
ignoring nonexistent directory "/usr/local/include/x86_64-linux-gnu"
ignoring nonexistent directory "/usr/lib/gcc/x86_64-linux-gnu/5/../../../../x86_64-linux-gnu/include"
#include "..." search starts here:
#include <...> search starts here:
 /usr/lib/gcc/x86_64-linux-gnu/5/include
 /usr/local/include
 /usr/lib/gcc/x86_64-linux-gnu/5/include-fixed
 /usr/include/x86_64-linux-gnu
 /usr/include
End of search list.
COMPILER_PATH=/usr/lib/gcc/x86_64-linux-gnu/5/:/usr/lib/gcc/x86_64-linux-gnu/5/:/usr/lib/gcc/x86_64-linux-gnu/:/usr/lib/gcc/x86_64-linux-gnu/5/:/usr/lib/gcc/x86_64-linux-gnu/
LIBRARY_PATH=/usr/lib/gcc/x86_64-linux-gnu/5/:/usr/lib/gcc/x86_64-linux-gnu/5/../../../x86_64-linux-gnu/:/usr/lib/gcc/x86_64-linux-gnu/5/../../../../lib/:/lib/x86_64-linux-gnu/:/lib/../lib/:/usr/lib/x86_64-linux-gnu/:/usr/lib/../lib/:/usr/lib/gcc/x86_64-linux-gnu/5/../../../:/lib/:/usr/lib/
COLLECT_GCC_OPTIONS='-v' '-E' '-mtune=generic' '-march=x86-64'
Using built-in specs.
COLLECT_GCC=/usr/bin/cc
Target: x86_64-linux-gnu
Configured with: ../src/configure -v --with-pkgversion='Ubuntu 5.5.0-12ubuntu1~16.04' --with-bugurl=file:///usr/share/doc/gcc-5/README.Bugs --enable-languages=c,ada,c++,java,go,d,fortran,objc,obj-c++ --prefix=/usr --program-suffix=-5 --enable-shared --enable-linker-build-id --libexecdir=/usr/lib --without-included-gettext --enable-threads=posix --libdir=/usr/lib --enable-nls --with-sysroot=/ --enable-clocale=gnu --enable-libstdcxx-debug --enable-libstdcxx-time=yes --with-default-libstdcxx-abi=new --enable-gnu-unique-object --disable-vtable-verify --enable-libmpx --enable-plugin --with-system-zlib --disable-browser-plugin --enable-java-awt=gtk --enable-gtk-cairo --with-java-home=/usr/lib/jvm/java-1.5.0-gcj-5-amd64/jre --enable-java-home --with-jvm-root-dir=/usr/lib/jvm/java-1.5.0-gcj-5-amd64 --with-jvm-jar-dir=/usr/lib/jvm-exports/java-1.5.0-gcj-5-amd64 --with-arch-directory=amd64 --with-ecj-jar=/usr/share/java/eclipse-ecj.jar --enable-objc-gc --enable-multiarch --disable-werror --with-arch-32=i686 --with-abi=m64 --with-multilib-list=m32,m64,mx32 --enable-multilib --with-tune=generic --enable-checking=release --build=x86_64-linux-gnu --host=x86_64-linux-gnu --target=x86_64-linux-gnu
Thread model: posix
gcc version 5.5.0 20171010 (Ubuntu 5.5.0-12ubuntu1~16.04) 
COLLECT_GCC_OPTIONS='-v' '-c' '-o' 'CMakeFiles/cmTC_85c59.dir/CMakeCCompilerABI.c.o' '-mtune=generic' '-march=x86-64'
 /usr/lib/gcc/x86_64-linux-gnu/5/cc1 -fpreprocessed /home/anupam/.ccache/tmp/CMakeCComp.stdout.anupam-Inspiron-15-7000-Gaming.9112.YeOc2F.i -quiet -dumpbase CMakeCComp.stdout.anupam-Inspiron-15-7000-Gaming.9112.YeOc2F.i -mtune=generic -march=x86-64 -auxbase-strip CMakeFiles/cmTC_85c59.dir/CMakeCCompilerABI.c.o -version -fstack-protector-strong -Wformat -Wformat-security -o /tmp/ccmkSGzh.s
GNU C11 (Ubuntu 5.5.0-12ubuntu1~16.04) version 5.5.0 20171010 (x86_64-linux-gnu)
	compiled by GNU C version 5.5.0 20171010, GMP version 6.1.0, MPFR version 3.1.4, MPC version 1.0.3
GGC heuristics: --param ggc-min-expand=100 --param ggc-min-heapsize=131072
GNU C11 (Ubuntu 5.5.0-12ubuntu1~16.04) version 5.5.0 20171010 (x86_64-linux-gnu)
	compiled by GNU C version 5.5.0 20171010, GMP version 6.1.0, MPFR version 3.1.4, MPC version 1.0.3
GGC heuristics: --param ggc-min-expand=100 --param ggc-min-heapsize=131072
Compiler executable checksum: a17d0cd9aea7093f02a2e3f3b1a39337
COLLECT_GCC_OPTIONS='-v' '-c' '-o' 'CMakeFiles/cmTC_85c59.dir/CMakeCCompilerABI.c.o' '-mtune=generic' '-march=x86-64'
 as -v --64 -o CMakeFiles/cmTC_85c59.dir/CMakeCCompilerABI.c.o /tmp/ccmkSGzh.s
GNU assembler version 2.26.1 (x86_64-linux-gnu) using BFD version (GNU Binutils for Ubuntu) 2.26.1
COMPILER_PATH=/usr/lib/gcc/x86_64-linux-gnu/5/:/usr/lib/gcc/x86_64-linux-gnu/5/:/usr/lib/gcc/x86_64-linux-gnu/:/usr/lib/gcc/x86_64-linux-gnu/5/:/usr/lib/gcc/x86_64-linux-gnu/
LIBRARY_PATH=/usr/lib/gcc/x86_64-linux-gnu/5/:/usr/lib/gcc/x86_64-linux-gnu/5/../../../x86_64-linux-gnu/:/usr/lib/gcc/x86_64-linux-gnu/5/../../../../lib/:/lib/x86_64-linux-gnu/:/lib/../lib/:/usr/lib/x86_64-linux-gnu/:/usr/lib/../lib/:/usr/lib/gcc/x86_64-linux-gnu/5/../../../:/lib/:/usr/lib/
COLLECT_GCC_OPTIONS='-v' '-c' '-o' 'CMakeFiles/cmTC_85c59.dir/CMakeCCompilerABI.c.o' '-mtune=generic' '-march=x86-64'
Linking C executable cmTC_85c59
/usr/local/bin/cmake -E cmake_link_script CMakeFiles/cmTC_85c59.dir/link.txt --verbose=1
/usr/lib/ccache/cc  -v CMakeFiles/cmTC_85c59.dir/CMakeCCompilerABI.c.o -o cmTC_85c59 
Using built-in specs.
COLLECT_GCC=/usr/bin/cc
COLLECT_LTO_WRAPPER=/usr/lib/gcc/x86_64-linux-gnu/5/lto-wrapper
Target: x86_64-linux-gnu
Configured with: ../src/configure -v --with-pkgversion='Ubuntu 5.5.0-12ubuntu1~16.04' --with-bugurl=file:///usr/share/doc/gcc-5/README.Bugs --enable-languages=c,ada,c++,java,go,d,fortran,objc,obj-c++ --prefix=/usr --program-suffix=-5 --enable-shared --enable-linker-build-id --libexecdir=/usr/lib --without-included-gettext --enable-threads=posix --libdir=/usr/lib --enable-nls --with-sysroot=/ --enable-clocale=gnu --enable-libstdcxx-debug --enable-libstdcxx-time=yes --with-default-libstdcxx-abi=new --enable-gnu-unique-object --disable-vtable-verify --enable-libmpx --enable-plugin --with-system-zlib --disable-browser-plugin --enable-java-awt=gtk --enable-gtk-cairo --with-java-home=/usr/lib/jvm/java-1.5.0-gcj-5-amd64/jre --enable-java-home --with-jvm-root-dir=/usr/lib/jvm/java-1.5.0-gcj-5-amd64 --with-jvm-jar-dir=/usr/lib/jvm-exports/java-1.5.0-gcj-5-amd64 --with-arch-directory=amd64 --with-ecj-jar=/usr/share/java/eclipse-ecj.jar --enable-objc-gc --enable-multiarch --disable-werror --with-arch-32=i686 --with-abi=m64 --with-multilib-list=m32,m64,mx32 --enable-multilib --with-tune=generic --enable-checking=release --build=x86_64-linux-gnu --host=x86_64-linux-gnu --target=x86_64-linux-gnu
Thread model: posix
gcc version 5.5.0 20171010 (Ubuntu 5.5.0-12ubuntu1~16.04) 
COMPILER_PATH=/usr/lib/gcc/x86_64-linux-gnu/5/:/usr/lib/gcc/x86_64-linux-gnu/5/:/usr/lib/gcc/x86_64-linux-gnu/:/usr/lib/gcc/x86_64-linux-gnu/5/:/usr/lib/gcc/x86_64-linux-gnu/
LIBRARY_PATH=/usr/lib/gcc/x86_64-linux-gnu/5/:/usr/lib/gcc/x86_64-linux-gnu/5/../../../x86_64-linux-gnu/:/usr/lib/gcc/x86_64-linux-gnu/5/../../../../lib/:/lib/x86_64-linux-gnu/:/lib/../lib/:/usr/lib/x86_64-linux-gnu/:/usr/lib/../lib/:/usr/lib/gcc/x86_64-linux-gnu/5/../../../:/lib/:/usr/lib/
COLLECT_GCC_OPTIONS='-v' '-o' 'cmTC_85c59' '-mtune=generic' '-march=x86-64'
 /usr/lib/gcc/x86_64-linux-gnu/5/collect2 -plugin /usr/lib/gcc/x86_64-linux-gnu/5/liblto_plugin.so -plugin-opt=/usr/lib/gcc/x86_64-linux-gnu/5/lto-wrapper -plugin-opt=-fresolution=/tmp/ccy3AEHg.res -plugin-opt=-pass-through=-lgcc -plugin-opt=-pass-through=-lgcc_s -plugin-opt=-pass-through=-lc -plugin-opt=-pass-through=-lgcc -plugin-opt=-pass-through=-lgcc_s --sysroot=/ --build-id --eh-frame-hdr -m elf_x86_64 --hash-style=gnu --as-needed -dynamic-linker /lib64/ld-linux-x86-64.so.2 -z relro -o cmTC_85c59 /usr/lib/gcc/x86_64-linux-gnu/5/../../../x86_64-linux-gnu/crt1.o /usr/lib/gcc/x86_64-linux-gnu/5/../../../x86_64-linux-gnu/crti.o /usr/lib/gcc/x86_64-linux-gnu/5/crtbegin.o -L/usr/lib/gcc/x86_64-linux-gnu/5 -L/usr/lib/gcc/x86_64-linux-gnu/5/../../../x86_64-linux-gnu -L/usr/lib/gcc/x86_64-linux-gnu/5/../../../../lib -L/lib/x86_64-linux-gnu -L/lib/../lib -L/usr/lib/x86_64-linux-gnu -L/usr/lib/../lib -L/usr/lib/gcc/x86_64-linux-gnu/5/../../.. CMakeFiles/cmTC_85c59.dir/CMakeCCompilerABI.c.o -lgcc --push-state --as-needed -lgcc_s --pop-state -lc -lgcc --push-state --as-needed -lgcc_s --pop-state /usr/lib/gcc/x86_64-linux-gnu/5/crtend.o /usr/lib/gcc/x86_64-linux-gnu/5/../../../x86_64-linux-gnu/crtn.o
make[1]: Leaving directory '/home/anupam/github_robotics/simulator/mujoco/build/CMakeFiles/CMakeScratch/TryCompile-ERkAUd'



Parsed C implicit include dir info from above output: rv=done
  found start of include info
  found start of implicit include info
    add: [/usr/lib/gcc/x86_64-linux-gnu/5/include]
    add: [/usr/local/include]
    add: [/usr/lib/gcc/x86_64-linux-gnu/5/include-fixed]
    add: [/usr/include/x86_64-linux-gnu]
    add: [/usr/include]
  end of search list found
  collapse include dir [/usr/lib/gcc/x86_64-linux-gnu/5/include] ==> [/usr/lib/gcc/x86_64-linux-gnu/5/include]
  collapse include dir [/usr/local/include] ==> [/usr/local/include]
  collapse include dir [/usr/lib/gcc/x86_64-linux-gnu/5/include-fixed] ==> [/usr/lib/gcc/x86_64-linux-gnu/5/include-fixed]
  collapse include dir [/usr/include/x86_64-linux-gnu] ==> [/usr/include/x86_64-linux-gnu]
  collapse include dir [/usr/include] ==> [/usr/include]
  implicit include dirs: [/usr/lib/gcc/x86_64-linux-gnu/5/include;/usr/local/include;/usr/lib/gcc/x86_64-linux-gnu/5/include-fixed;/usr/include/x86_64-linux-gnu;/usr/include]


Parsed C implicit link information from above output:
  link line regex: [^( *|.*[/\])(ld|CMAKE_LINK_STARTFILE-NOTFOUND|([^/\]+-)?ld|collect2)[^/\]*( |$)]
  ignore line: [Change Dir: /home/anupam/github_robotics/simulator/mujoco/build/CMakeFiles/CMakeScratch/TryCompile-ERkAUd]
  ignore line: []
  ignore line: [Run Build Command(s):/usr/bin/make -f Makefile cmTC_85c59/fast && /usr/bin/make  -f CMakeFiles/cmTC_85c59.dir/build.make CMakeFiles/cmTC_85c59.dir/build]
  ignore line: [make[1]: Entering directory '/home/anupam/github_robotics/simulator/mujoco/build/CMakeFiles/CMakeScratch/TryCompile-ERkAUd']
  ignore line: [Building C object CMakeFiles/cmTC_85c59.dir/CMakeCCompilerABI.c.o]
  ignore line: [/usr/lib/ccache/cc   -v -o CMakeFiles/cmTC_85c59.dir/CMakeCCompilerABI.c.o -c /usr/local/share/cmake-3.25/Modules/CMakeCCompilerABI.c]
  ignore line: [Using built-in specs.]
  ignore line: [COLLECT_GCC=/usr/bin/cc]
  ignore line: [Target: x86_64-linux-gnu]
  ignore line: [Configured with: ../src/configure -v --with-pkgversion='Ubuntu 5.5.0-12ubuntu1~16.04' --with-bugurl=file:///usr/share/doc/gcc-5/README.Bugs --enable-languages=c ada c++ java go d fortran objc obj-c++ --prefix=/usr --program-suffix=-5 --enable-shared --enable-linker-build-id --libexecdir=/usr/lib --without-included-gettext --enable-threads=posix --libdir=/usr/lib --enable-nls --with-sysroot=/ --enable-clocale=gnu --enable-libstdcxx-debug --enable-libstdcxx-time=yes --with-default-libstdcxx-abi=new --enable-gnu-unique-object --disable-vtable-verify --enable-libmpx --enable-plugin --with-system-zlib --disable-browser-plugin --enable-java-awt=gtk --enable-gtk-cairo --with-java-home=/usr/lib/jvm/java-1.5.0-gcj-5-amd64/jre --enable-java-home --with-jvm-root-dir=/usr/lib/jvm/java-1.5.0-gcj-5-amd64 --with-jvm-jar-dir=/usr/lib/jvm-exports/java-1.5.0-gcj-5-amd64 --with-arch-directory=amd64 --with-ecj-jar=/usr/share/java/eclipse-ecj.jar --enable-objc-gc --enable-multiarch --disable-werror --with-arch-32=i686 --with-abi=m64 --with-multilib-list=m32 m64 mx32 --enable-multilib --with-tune=generic --enable-checking=release --build=x86_64-linux-gnu --host=x86_64-linux-gnu --target=x86_64-linux-gnu]
  ignore line: [Thread model: posix]
  ignore line: [gcc version 5.5.0 20171010 (Ubuntu 5.5.0-12ubuntu1~16.04) ]
  ignore line: [COLLECT_GCC_OPTIONS='-v' '-E' '-mtune=generic' '-march=x86-64']
  ignore line: [ /usr/lib/gcc/x86_64-linux-gnu/5/cc1 -E -quiet -v -imultiarch x86_64-linux-gnu /usr/local/share/cmake-3.25/Modules/CMakeCCompilerABI.c -mtune=generic -march=x86-64 -fstack-protector-strong -Wformat -Wformat-security]
  ignore line: [ignoring nonexistent directory "/usr/local/include/x86_64-linux-gnu"]
  ignore line: [ignoring nonexistent directory "/usr/lib/gcc/x86_64-linux-gnu/5/../../../../x86_64-linux-gnu/include"]
  ignore line: [#include "..." search starts here:]
  ignore line: [#include <...> search starts here:]
  ignore line: [ /usr/lib/gcc/x86_64-linux-gnu/5/include]
  ignore line: [ /usr/local/include]
  ignore line: [ /usr/lib/gcc/x86_64-linux-gnu/5/include-fixed]
  ignore line: [ /usr/include/x86_64-linux-gnu]
  ignore line: [ /usr/include]
  ignore line: [End of search list.]
  ignore line: [COMPILER_PATH=/usr/lib/gcc/x86_64-linux-gnu/5/:/usr/lib/gcc/x86_64-linux-gnu/5/:/usr/lib/gcc/x86_64-linux-gnu/:/usr/lib/gcc/x86_64-linux-gnu/5/:/usr/lib/gcc/x86_64-linux-gnu/]
  ignore line: [LIBRARY_PATH=/usr/lib/gcc/x86_64-linux-gnu/5/:/usr/lib/gcc/x86_64-linux-gnu/5/../../../x86_64-linux-gnu/:/usr/lib/gcc/x86_64-linux-gnu/5/../../../../lib/:/lib/x86_64-linux-gnu/:/lib/../lib/:/usr/lib/x86_64-linux-gnu/:/usr/lib/../lib/:/usr/lib/gcc/x86_64-linux-gnu/5/../../../:/lib/:/usr/lib/]
  ignore line: [COLLECT_GCC_OPTIONS='-v' '-E' '-mtune=generic' '-march=x86-64']
  ignore line: [Using built-in specs.]
  ignore line: [COLLECT_GCC=/usr/bin/cc]
  ignore line: [Target: x86_64-linux-gnu]
  ignore line: [Configured with: ../src/configure -v --with-pkgversion='Ubuntu 5.5.0-12ubuntu1~16.04' --with-bugurl=file:///usr/share/doc/gcc-5/README.Bugs --enable-languages=c ada c++ java go d fortran objc obj-c++ --prefix=/usr --program-suffix=-5 --enable-shared --enable-linker-build-id --libexecdir=/usr/lib --without-included-gettext --enable-threads=posix --libdir=/usr/lib --enable-nls --with-sysroot=/ --enable-clocale=gnu --enable-libstdcxx-debug --enable-libstdcxx-time=yes --with-default-libstdcxx-abi=new --enable-gnu-unique-object --disable-vtable-verify --enable-libmpx --enable-plugin --with-system-zlib --disable-browser-plugin --enable-java-awt=gtk --enable-gtk-cairo --with-java-home=/usr/lib/jvm/java-1.5.0-gcj-5-amd64/jre --enable-java-home --with-jvm-root-dir=/usr/lib/jvm/java-1.5.0-gcj-5-amd64 --with-jvm-jar-dir=/usr/lib/jvm-exports/java-1.5.0-gcj-5-amd64 --with-arch-directory=amd64 --with-ecj-jar=/usr/share/java/eclipse-ecj.jar --enable-objc-gc --enable-multiarch --disable-werror --with-arch-32=i686 --with-abi=m64 --with-multilib-list=m32 m64 mx32 --enable-multilib --with-tune=generic --enable-checking=release --build=x86_64-linux-gnu --host=x86_64-linux-gnu --target=x86_64-linux-gnu]
  ignore line: [Thread model: posix]
  ignore line: [gcc version 5.5.0 20171010 (Ubuntu 5.5.0-12ubuntu1~16.04) ]
  ignore line: [COLLECT_GCC_OPTIONS='-v' '-c' '-o' 'CMakeFiles/cmTC_85c59.dir/CMakeCCompilerABI.c.o' '-mtune=generic' '-march=x86-64']
  ignore line: [ /usr/lib/gcc/x86_64-linux-gnu/5/cc1 -fpreprocessed /home/anupam/.ccache/tmp/CMakeCComp.stdout.anupam-Inspiron-15-7000-Gaming.9112.YeOc2F.i -quiet -dumpbase CMakeCComp.stdout.anupam-Inspiron-15-7000-Gaming.9112.YeOc2F.i -mtune=generic -march=x86-64 -auxbase-strip CMakeFiles/cmTC_85c59.dir/CMakeCCompilerABI.c.o -version -fstack-protector-strong -Wformat -Wformat-security -o /tmp/ccmkSGzh.s]
  ignore line: [GNU C11 (Ubuntu 5.5.0-12ubuntu1~16.04) version 5.5.0 20171010 (x86_64-linux-gnu)]
  ignore line: [	compiled by GNU C version 5.5.0 20171010  GMP version 6.1.0  MPFR version 3.1.4  MPC version 1.0.3]
  ignore line: [GGC heuristics: --param ggc-min-expand=100 --param ggc-min-heapsize=131072]
  ignore line: [GNU C11 (Ubuntu 5.5.0-12ubuntu1~16.04) version 5.5.0 20171010 (x86_64-linux-gnu)]
  ignore line: [	compiled by GNU C version 5.5.0 20171010  GMP version 6.1.0  MPFR version 3.1.4  MPC version 1.0.3]
  ignore line: [GGC heuristics: --param ggc-min-expand=100 --param ggc-min-heapsize=131072]
  ignore line: [Compiler executable checksum: a17d0cd9aea7093f02a2e3f3b1a39337]
  ignore line: [COLLECT_GCC_OPTIONS='-v' '-c' '-o' 'CMakeFiles/cmTC_85c59.dir/CMakeCCompilerABI.c.o' '-mtune=generic' '-march=x86-64']
  ignore line: [ as -v --64 -o CMakeFiles/cmTC_85c59.dir/CMakeCCompilerABI.c.o /tmp/ccmkSGzh.s]
  ignore line: [GNU assembler version 2.26.1 (x86_64-linux-gnu) using BFD version (GNU Binutils for Ubuntu) 2.26.1]
  ignore line: [COMPILER_PATH=/usr/lib/gcc/x86_64-linux-gnu/5/:/usr/lib/gcc/x86_64-linux-gnu/5/:/usr/lib/gcc/x86_64-linux-gnu/:/usr/lib/gcc/x86_64-linux-gnu/5/:/usr/lib/gcc/x86_64-linux-gnu/]
  ignore line: [LIBRARY_PATH=/usr/lib/gcc/x86_64-linux-gnu/5/:/usr/lib/gcc/x86_64-linux-gnu/5/../../../x86_64-linux-gnu/:/usr/lib/gcc/x86_64-linux-gnu/5/../../../../lib/:/lib/x86_64-linux-gnu/:/lib/../lib/:/usr/lib/x86_64-linux-gnu/:/usr/lib/../lib/:/usr/lib/gcc/x86_64-linux-gnu/5/../../../:/lib/:/usr/lib/]
  ignore line: [COLLECT_GCC_OPTIONS='-v' '-c' '-o' 'CMakeFiles/cmTC_85c59.dir/CMakeCCompilerABI.c.o' '-mtune=generic' '-march=x86-64']
  ignore line: [Linking C executable cmTC_85c59]
  ignore line: [/usr/local/bin/cmake -E cmake_link_script CMakeFiles/cmTC_85c59.dir/link.txt --verbose=1]
  ignore line: [/usr/lib/ccache/cc  -v CMakeFiles/cmTC_85c59.dir/CMakeCCompilerABI.c.o -o cmTC_85c59 ]
  ignore line: [Using built-in specs.]
  ignore line: [COLLECT_GCC=/usr/bin/cc]
  ignore line: [COLLECT_LTO_WRAPPER=/usr/lib/gcc/x86_64-linux-gnu/5/lto-wrapper]
  ignore line: [Target: x86_64-linux-gnu]
  ignore line: [Configured with: ../src/configure -v --with-pkgversion='Ubuntu 5.5.0-12ubuntu1~16.04' --with-bugurl=file:///usr/share/doc/gcc-5/README.Bugs --enable-languages=c ada c++ java go d fortran objc obj-c++ --prefix=/usr --program-suffix=-5 --enable-shared --enable-linker-build-id --libexecdir=/usr/lib --without-included-gettext --enable-threads=posix --libdir=/usr/lib --enable-nls --with-sysroot=/ --enable-clocale=gnu --enable-libstdcxx-debug --enable-libstdcxx-time=yes --with-default-libstdcxx-abi=new --enable-gnu-unique-object --disable-vtable-verify --enable-libmpx --enable-plugin --with-system-zlib --disable-browser-plugin --enable-java-awt=gtk --enable-gtk-cairo --with-java-home=/usr/lib/jvm/java-1.5.0-gcj-5-amd64/jre --enable-java-home --with-jvm-root-dir=/usr/lib/jvm/java-1.5.0-gcj-5-amd64 --with-jvm-jar-dir=/usr/lib/jvm-exports/java-1.5.0-gcj-5-amd64 --with-arch-directory=amd64 --with-ecj-jar=/usr/share/java/eclipse-ecj.jar --enable-objc-gc --enable-multiarch --disable-werror --with-arch-32=i686 --with-abi=m64 --with-multilib-list=m32 m64 mx32 --enable-multilib --with-tune=generic --enable-checking=release --build=x86_64-linux-gnu --host=x86_64-linux-gnu --target=x86_64-linux-gnu]
  ignore line: [Thread model: posix]
  ignore line: [gcc version 5.5.0 20171010 (Ubuntu 5.5.0-12ubuntu1~16.04) ]
  ignore line: [COMPILER_PATH=/usr/lib/gcc/x86_64-linux-gnu/5/:/usr/lib/gcc/x86_64-linux-gnu/5/:/usr/lib/gcc/x86_64-linux-gnu/:/usr/lib/gcc/x86_64-linux-gnu/5/:/usr/lib/gcc/x86_64-linux-gnu/]
  ignore line: [LIBRARY_PATH=/usr/lib/gcc/x86_64-linux-gnu/5/:/usr/lib/gcc/x86_64-linux-gnu/5/../../../x86_64-linux-gnu/:/usr/lib/gcc/x86_64-linux-gnu/5/../../../../lib/:/lib/x86_64-linux-gnu/:/lib/../lib/:/usr/lib/x86_64-linux-gnu/:/usr/lib/../lib/:/usr/lib/gcc/x86_64-linux-gnu/5/../../../:/lib/:/usr/lib/]
  ignore line: [COLLECT_GCC_OPTIONS='-v' '-o' 'cmTC_85c59' '-mtune=generic' '-march=x86-64']
  link line: [ /usr/lib/gcc/x86_64-linux-gnu/5/collect2 -plugin /usr/lib/gcc/x86_64-linux-gnu/5/liblto_plugin.so -plugin-opt=/usr/lib/gcc/x86_64-linux-gnu/5/lto-wrapper -plugin-opt=-fresolution=/tmp/ccy3AEHg.res -plugin-opt=-pass-through=-lgcc -plugin-opt=-pass-through=-lgcc_s -plugin-opt=-pass-through=-lc -plugin-opt=-pass-through=-lgcc -plugin-opt=-pass-through=-lgcc_s --sysroot=/ --build-id --eh-frame-hdr -m elf_x86_64 --hash-style=gnu --as-needed -dynamic-linker /lib64/ld-linux-x86-64.so.2 -z relro -o cmTC_85c59 /usr/lib/gcc/x86_64-linux-gnu/5/../../../x86_64-linux-gnu/crt1.o /usr/lib/gcc/x86_64-linux-gnu/5/../../../x86_64-linux-gnu/crti.o /usr/lib/gcc/x86_64-linux-gnu/5/crtbegin.o -L/usr/lib/gcc/x86_64-linux-gnu/5 -L/usr/lib/gcc/x86_64-linux-gnu/5/../../../x86_64-linux-gnu -L/usr/lib/gcc/x86_64-linux-gnu/5/../../../../lib -L/lib/x86_64-linux-gnu -L/lib/../lib -L/usr/lib/x86_64-linux-gnu -L/usr/lib/../lib -L/usr/lib/gcc/x86_64-linux-gnu/5/../../.. CMakeFiles/cmTC_85c59.dir/CMakeCCompilerABI.c.o -lgcc --push-state --as-needed -lgcc_s --pop-state -lc -lgcc --push-state --as-needed -lgcc_s --pop-state /usr/lib/gcc/x86_64-linux-gnu/5/crtend.o /usr/lib/gcc/x86_64-linux-gnu/5/../../../x86_64-linux-gnu/crtn.o]
    arg [/usr/lib/gcc/x86_64-linux-gnu/5/collect2] ==> ignore
    arg [-plugin] ==> ignore
    arg [/usr/lib/gcc/x86_64-linux-gnu/5/liblto_plugin.so] ==> ignore
    arg [-plugin-opt=/usr/lib/gcc/x86_64-linux-gnu/5/lto-wrapper] ==> ignore
    arg [-plugin-opt=-fresolution=/tmp/ccy3AEHg.res] ==> ignore
    arg [-plugin-opt=-pass-through=-lgcc] ==> ignore
    arg [-plugin-opt=-pass-through=-lgcc_s] ==> ignore
    arg [-plugin-opt=-pass-through=-lc] ==> ignore
    arg [-plugin-opt=-pass-through=-lgcc] ==> ignore
    arg [-plugin-opt=-pass-through=-lgcc_s] ==> ignore
    arg [--sysroot=/] ==> ignore
    arg [--build-id] ==> ignore
    arg [--eh-frame-hdr] ==> ignore
    arg [-m] ==> ignore
    arg [elf_x86_64] ==> ignore
    arg [--hash-style=gnu] ==> ignore
    arg [--as-needed] ==> ignore
    arg [-dynamic-linker] ==> ignore
    arg [/lib64/ld-linux-x86-64.so.2] ==> ignore
    arg [-zrelro] ==> ignore
    arg [-o] ==> ignore
    arg [cmTC_85c59] ==> ignore
    arg [/usr/lib/gcc/x86_64-linux-gnu/5/../../../x86_64-linux-gnu/crt1.o] ==> obj [/usr/lib/gcc/x86_64-linux-gnu/5/../../../x86_64-linux-gnu/crt1.o]
    arg [/usr/lib/gcc/x86_64-linux-gnu/5/../../../x86_64-linux-gnu/crti.o] ==> obj [/usr/lib/gcc/x86_64-linux-gnu/5/../../../x86_64-linux-gnu/crti.o]
    arg [/usr/lib/gcc/x86_64-linux-gnu/5/crtbegin.o] ==> obj [/usr/lib/gcc/x86_64-linux-gnu/5/crtbegin.o]
    arg [-L/usr/lib/gcc/x86_64-linux-gnu/5] ==> dir [/usr/lib/gcc/x86_64-linux-gnu/5]
    arg [-L/usr/lib/gcc/x86_64-linux-gnu/5/../../../x86_64-linux-gnu] ==> dir [/usr/lib/gcc/x86_64-linux-gnu/5/../../../x86_64-linux-gnu]
    arg [-L/usr/lib/gcc/x86_64-linux-gnu/5/../../../../lib] ==> dir [/usr/lib/gcc/x86_64-linux-gnu/5/../../../../lib]
    arg [-L/lib/x86_64-linux-gnu] ==> dir [/lib/x86_64-linux-gnu]
    arg [-L/lib/../lib] ==> dir [/lib/../lib]
    arg [-L/usr/lib/x86_64-linux-gnu] ==> dir [/usr/lib/x86_64-linux-gnu]
    arg [-L/usr/lib/../lib] ==> dir [/usr/lib/../lib]
    arg [-L/usr/lib/gcc/x86_64-linux-gnu/5/../../..] ==> dir [/usr/lib/gcc/x86_64-linux-gnu/5/../../..]
    arg [CMakeFiles/cmTC_85c59.dir/CMakeCCompilerABI.c.o] ==> ignore
    arg [-lgcc] ==> lib [gcc]
    arg [--push-state] ==> ignore
    arg [--as-needed] ==> ignore
    arg [-lgcc_s] ==> lib [gcc_s]
    arg [--pop-state] ==> ignore
    arg [-lc] ==> lib [c]
    arg [-lgcc] ==> lib [gcc]
    arg [--push-state] ==> ignore
    arg [--as-needed] ==> ignore
    arg [-lgcc_s] ==> lib [gcc_s]
    arg [--pop-state] ==> ignore
    arg [/usr/lib/gcc/x86_64-linux-gnu/5/crtend.o] ==> obj [/usr/lib/gcc/x86_64-linux-gnu/5/crtend.o]
    arg [/usr/lib/gcc/x86_64-linux-gnu/5/../../../x86_64-linux-gnu/crtn.o] ==> obj [/usr/lib/gcc/x86_64-linux-gnu/5/../../../x86_64-linux-gnu/crtn.o]
  collapse obj [/usr/lib/gcc/x86_64-linux-gnu/5/../../../x86_64-linux-gnu/crt1.o] ==> [/usr/lib/x86_64-linux-gnu/crt1.o]
  collapse obj [/usr/lib/gcc/x86_64-linux-gnu/5/../../../x86_64-linux-gnu/crti.o] ==> [/usr/lib/x86_64-linux-gnu/crti.o]
  collapse obj [/usr/lib/gcc/x86_64-linux-gnu/5/../../../x86_64-linux-gnu/crtn.o] ==> [/usr/lib/x86_64-linux-gnu/crtn.o]
  collapse library dir [/usr/lib/gcc/x86_64-linux-gnu/5] ==> [/usr/lib/gcc/x86_64-linux-gnu/5]
  collapse library dir [/usr/lib/gcc/x86_64-linux-gnu/5/../../../x86_64-linux-gnu] ==> [/usr/lib/x86_64-linux-gnu]
  collapse library dir [/usr/lib/gcc/x86_64-linux-gnu/5/../../../../lib] ==> [/usr/lib]
  collapse library dir [/lib/x86_64-linux-gnu] ==> [/lib/x86_64-linux-gnu]
  collapse library dir [/lib/../lib] ==> [/lib]
  collapse library dir [/usr/lib/x86_64-linux-gnu] ==> [/usr/lib/x86_64-linux-gnu]
  collapse library dir [/usr/lib/../lib] ==> [/usr/lib]
  collapse library dir [/usr/lib/gcc/x86_64-linux-gnu/5/../../..] ==> [/usr/lib]
  implicit libs: [gcc;gcc_s;c;gcc;gcc_s]
  implicit objs: [/usr/lib/x86_64-linux-gnu/crt1.o;/usr/lib/x86_64-linux-gnu/crti.o;/usr/lib/gcc/x86_64-linux-gnu/5/crtbegin.o;/usr/lib/gcc/x86_64-linux-gnu/5/crtend.o;/usr/lib/x86_64-linux-gnu/crtn.o]
  implicit dirs: [/usr/lib/gcc/x86_64-linux-gnu/5;/usr/lib/x86_64-linux-gnu;/usr/lib;/lib/x86_64-linux-gnu;/lib]
  implicit fwks: []


Detecting CXX compiler ABI info compiled with the following output:
Change Dir: /home/anupam/github_robotics/simulator/mujoco/build/CMakeFiles/CMakeScratch/TryCompile-aTcUEB

Run Build Command(s):/usr/bin/make -f Makefile cmTC_2aa7b/fast && /usr/bin/make  -f CMakeFiles/cmTC_2aa7b.dir/build.make CMakeFiles/cmTC_2aa7b.dir/build
make[1]: Entering directory '/home/anupam/github_robotics/simulator/mujoco/build/CMakeFiles/CMakeScratch/TryCompile-aTcUEB'
Building CXX object CMakeFiles/cmTC_2aa7b.dir/CMakeCXXCompilerABI.cpp.o
/usr/lib/ccache/c++   -v -o CMakeFiles/cmTC_2aa7b.dir/CMakeCXXCompilerABI.cpp.o -c /usr/local/share/cmake-3.25/Modules/CMakeCXXCompilerABI.cpp
Using built-in specs.
COLLECT_GCC=/usr/bin/c++
OFFLOAD_TARGET_NAMES=nvptx-none
OFFLOAD_TARGET_DEFAULT=1
Target: x86_64-linux-gnu
Configured with: ../src/configure -v --with-pkgversion='Ubuntu 8.4.0-1ubuntu1~16.04.1' --with-bugurl=file:///usr/share/doc/gcc-8/README.Bugs --enable-languages=c,ada,c++,go,brig,d,fortran,objc,obj-c++ --prefix=/usr --with-gcc-major-version-only --program-suffix=-8 --program-prefix=x86_64-linux-gnu- --enable-shared --enable-linker-build-id --libexecdir=/usr/lib --without-included-gettext --enable-threads=posix --libdir=/usr/lib --enable-nls --enable-clocale=gnu --enable-libstdcxx-debug --enable-libstdcxx-time=yes --with-default-libstdcxx-abi=new --enable-gnu-unique-object --disable-vtable-verify --enable-libmpx --enable-plugin --with-system-zlib --with-target-system-zlib=auto --enable-objc-gc=auto --enable-multiarch --disable-werror --with-arch-32=i686 --with-abi=m64 --with-multilib-list=m32,m64,mx32 --enable-multilib --with-tune=generic --enable-offload-targets=nvptx-none --without-cuda-driver --enable-checking=release --build=x86_64-linux-gnu --host=x86_64-linux-gnu --target=x86_64-linux-gnu
Thread model: posix
gcc version 8.4.0 (Ubuntu 8.4.0-1ubuntu1~16.04.1) 
COLLECT_GCC_OPTIONS='-v' '-E' '-shared-libgcc' '-mtune=generic' '-march=x86-64'
 /usr/lib/gcc/x86_64-linux-gnu/8/cc1plus -E -quiet -v -imultiarch x86_64-linux-gnu -D_GNU_SOURCE /usr/local/share/cmake-3.25/Modules/CMakeCXXCompilerABI.cpp -mtune=generic -march=x86-64 -fstack-protector-strong -Wformat -Wformat-security
ignoring duplicate directory "/usr/include/x86_64-linux-gnu/c++/8"
ignoring nonexistent directory "/usr/local/include/x86_64-linux-gnu"
ignoring nonexistent directory "/usr/lib/gcc/x86_64-linux-gnu/8/../../../../x86_64-linux-gnu/include"
#include "..." search starts here:
#include <...> search starts here:
 /usr/include/c++/8
 /usr/include/x86_64-linux-gnu/c++/8
 /usr/include/c++/8/backward
 /usr/lib/gcc/x86_64-linux-gnu/8/include
 /usr/local/include
 /usr/lib/gcc/x86_64-linux-gnu/8/include-fixed
 /usr/include/x86_64-linux-gnu
 /usr/include
End of search list.
COMPILER_PATH=/usr/lib/gcc/x86_64-linux-gnu/8/:/usr/lib/gcc/x86_64-linux-gnu/8/:/usr/lib/gcc/x86_64-linux-gnu/:/usr/lib/gcc/x86_64-linux-gnu/8/:/usr/lib/gcc/x86_64-linux-gnu/
LIBRARY_PATH=/usr/lib/gcc/x86_64-linux-gnu/8/:/usr/lib/gcc/x86_64-linux-gnu/8/../../../x86_64-linux-gnu/:/usr/lib/gcc/x86_64-linux-gnu/8/../../../../lib/:/lib/x86_64-linux-gnu/:/lib/../lib/:/usr/lib/x86_64-linux-gnu/:/usr/lib/../lib/:/usr/lib/gcc/x86_64-linux-gnu/8/../../../:/lib/:/usr/lib/
COLLECT_GCC_OPTIONS='-v' '-E' '-shared-libgcc' '-mtune=generic' '-march=x86-64'
Using built-in specs.
COLLECT_GCC=/usr/bin/c++
OFFLOAD_TARGET_NAMES=nvptx-none
OFFLOAD_TARGET_DEFAULT=1
Target: x86_64-linux-gnu
Configured with: ../src/configure -v --with-pkgversion='Ubuntu 8.4.0-1ubuntu1~16.04.1' --with-bugurl=file:///usr/share/doc/gcc-8/README.Bugs --enable-languages=c,ada,c++,go,brig,d,fortran,objc,obj-c++ --prefix=/usr --with-gcc-major-version-only --program-suffix=-8 --program-prefix=x86_64-linux-gnu- --enable-shared --enable-linker-build-id --libexecdir=/usr/lib --without-included-gettext --enable-threads=posix --libdir=/usr/lib --enable-nls --enable-clocale=gnu --enable-libstdcxx-debug --enable-libstdcxx-time=yes --with-default-libstdcxx-abi=new --enable-gnu-unique-object --disable-vtable-verify --enable-libmpx --enable-plugin --with-system-zlib --with-target-system-zlib=auto --enable-objc-gc=auto --enable-multiarch --disable-werror --with-arch-32=i686 --with-abi=m64 --with-multilib-list=m32,m64,mx32 --enable-multilib --with-tune=generic --enable-offload-targets=nvptx-none --without-cuda-driver --enable-checking=release --build=x86_64-linux-gnu --host=x86_64-linux-gnu --target=x86_64-linux-gnu
Thread model: posix
gcc version 8.4.0 (Ubuntu 8.4.0-1ubuntu1~16.04.1) 
COLLECT_GCC_OPTIONS='-v' '-c' '-o' 'CMakeFiles/cmTC_2aa7b.dir/CMakeCXXCompilerABI.cpp.o' '-shared-libgcc' '-mtune=generic' '-march=x86-64'
 /usr/lib/gcc/x86_64-linux-gnu/8/cc1plus -fpreprocessed /home/anupam/.ccache/tmp/CMakeCXXCo.stdout.anupam-Inspiron-15-7000-Gaming.9129.qOzVYK.ii -quiet -dumpbase CMakeCXXCo.stdout.anupam-Inspiron-15-7000-Gaming.9129.qOzVYK.ii -mtune=generic -march=x86-64 -auxbase-strip CMakeFiles/cmTC_2aa7b.dir/CMakeCXXCompilerABI.cpp.o -version -fstack-protector-strong -Wformat -Wformat-security -o /tmp/ccPjMzqm.s
GNU C++14 (Ubuntu 8.4.0-1ubuntu1~16.04.1) version 8.4.0 (x86_64-linux-gnu)
	compiled by GNU C version 8.4.0, GMP version 6.1.0, MPFR version 3.1.4, MPC version 1.0.3, isl version isl-0.16.1-GMP

GGC heuristics: --param ggc-min-expand=100 --param ggc-min-heapsize=131072
GNU C++14 (Ubuntu 8.4.0-1ubuntu1~16.04.1) version 8.4.0 (x86_64-linux-gnu)
	compiled by GNU C version 8.4.0, GMP version 6.1.0, MPFR version 3.1.4, MPC version 1.0.3, isl version isl-0.16.1-GMP

GGC heuristics: --param ggc-min-expand=100 --param ggc-min-heapsize=131072
Compiler executable checksum: 7dad3bff82ecfae38e491e2a60b7bf75
COLLECT_GCC_OPTIONS='-v' '-c' '-o' 'CMakeFiles/cmTC_2aa7b.dir/CMakeCXXCompilerABI.cpp.o' '-shared-libgcc' '-mtune=generic' '-march=x86-64'
 as -v --64 -o CMakeFiles/cmTC_2aa7b.dir/CMakeCXXCompilerABI.cpp.o /tmp/ccPjMzqm.s
GNU assembler version 2.26.1 (x86_64-linux-gnu) using BFD version (GNU Binutils for Ubuntu) 2.26.1
COMPILER_PATH=/usr/lib/gcc/x86_64-linux-gnu/8/:/usr/lib/gcc/x86_64-linux-gnu/8/:/usr/lib/gcc/x86_64-linux-gnu/:/usr/lib/gcc/x86_64-linux-gnu/8/:/usr/lib/gcc/x86_64-linux-gnu/
LIBRARY_PATH=/usr/lib/gcc/x86_64-linux-gnu/8/:/usr/lib/gcc/x86_64-linux-gnu/8/../../../x86_64-linux-gnu/:/usr/lib/gcc/x86_64-linux-gnu/8/../../../../lib/:/lib/x86_64-linux-gnu/:/lib/../lib/:/usr/lib/x86_64-linux-gnu/:/usr/lib/../lib/:/usr/lib/gcc/x86_64-linux-gnu/8/../../../:/lib/:/usr/lib/
COLLECT_GCC_OPTIONS='-v' '-c' '-o' 'CMakeFiles/cmTC_2aa7b.dir/CMakeCXXCompilerABI.cpp.o' '-shared-libgcc' '-mtune=generic' '-march=x86-64'
Linking CXX executable cmTC_2aa7b
/usr/local/bin/cmake -E cmake_link_script CMakeFiles/cmTC_2aa7b.dir/link.txt --verbose=1
/usr/lib/ccache/c++  -v CMakeFiles/cmTC_2aa7b.dir/CMakeCXXCompilerABI.cpp.o -o cmTC_2aa7b 
Using built-in specs.
COLLECT_GCC=/usr/bin/c++
COLLECT_LTO_WRAPPER=/usr/lib/gcc/x86_64-linux-gnu/8/lto-wrapper
OFFLOAD_TARGET_NAMES=nvptx-none
OFFLOAD_TARGET_DEFAULT=1
Target: x86_64-linux-gnu
Configured with: ../src/configure -v --with-pkgversion='Ubuntu 8.4.0-1ubuntu1~16.04.1' --with-bugurl=file:///usr/share/doc/gcc-8/README.Bugs --enable-languages=c,ada,c++,go,brig,d,fortran,objc,obj-c++ --prefix=/usr --with-gcc-major-version-only --program-suffix=-8 --program-prefix=x86_64-linux-gnu- --enable-shared --enable-linker-build-id --libexecdir=/usr/lib --without-included-gettext --enable-threads=posix --libdir=/usr/lib --enable-nls --enable-clocale=gnu --enable-libstdcxx-debug --enable-libstdcxx-time=yes --with-default-libstdcxx-abi=new --enable-gnu-unique-object --disable-vtable-verify --enable-libmpx --enable-plugin --with-system-zlib --with-target-system-zlib=auto --enable-objc-gc=auto --enable-multiarch --disable-werror --with-arch-32=i686 --with-abi=m64 --with-multilib-list=m32,m64,mx32 --enable-multilib --with-tune=generic --enable-offload-targets=nvptx-none --without-cuda-driver --enable-checking=release --build=x86_64-linux-gnu --host=x86_64-linux-gnu --target=x86_64-linux-gnu
Thread model: posix
gcc version 8.4.0 (Ubuntu 8.4.0-1ubuntu1~16.04.1) 
COMPILER_PATH=/usr/lib/gcc/x86_64-linux-gnu/8/:/usr/lib/gcc/x86_64-linux-gnu/8/:/usr/lib/gcc/x86_64-linux-gnu/:/usr/lib/gcc/x86_64-linux-gnu/8/:/usr/lib/gcc/x86_64-linux-gnu/
LIBRARY_PATH=/usr/lib/gcc/x86_64-linux-gnu/8/:/usr/lib/gcc/x86_64-linux-gnu/8/../../../x86_64-linux-gnu/:/usr/lib/gcc/x86_64-linux-gnu/8/../../../../lib/:/lib/x86_64-linux-gnu/:/lib/../lib/:/usr/lib/x86_64-linux-gnu/:/usr/lib/../lib/:/usr/lib/gcc/x86_64-linux-gnu/8/../../../:/lib/:/usr/lib/
COLLECT_GCC_OPTIONS='-v' '-o' 'cmTC_2aa7b' '-shared-libgcc' '-mtune=generic' '-march=x86-64'
 /usr/lib/gcc/x86_64-linux-gnu/8/collect2 -plugin /usr/lib/gcc/x86_64-linux-gnu/8/liblto_plugin.so -plugin-opt=/usr/lib/gcc/x86_64-linux-gnu/8/lto-wrapper -plugin-opt=-fresolution=/tmp/ccc4gBGl.res -plugin-opt=-pass-through=-lgcc_s -plugin-opt=-pass-through=-lgcc -plugin-opt=-pass-through=-lc -plugin-opt=-pass-through=-lgcc_s -plugin-opt=-pass-through=-lgcc --build-id --eh-frame-hdr -m elf_x86_64 --hash-style=gnu --as-needed -dynamic-linker /lib64/ld-linux-x86-64.so.2 -z relro -o cmTC_2aa7b /usr/lib/gcc/x86_64-linux-gnu/8/../../../x86_64-linux-gnu/crt1.o /usr/lib/gcc/x86_64-linux-gnu/8/../../../x86_64-linux-gnu/crti.o /usr/lib/gcc/x86_64-linux-gnu/8/crtbegin.o -L/usr/lib/gcc/x86_64-linux-gnu/8 -L/usr/lib/gcc/x86_64-linux-gnu/8/../../../x86_64-linux-gnu -L/usr/lib/gcc/x86_64-linux-gnu/8/../../../../lib -L/lib/x86_64-linux-gnu -L/lib/../lib -L/usr/lib/x86_64-linux-gnu -L/usr/lib/../lib -L/usr/lib/gcc/x86_64-linux-gnu/8/../../.. CMakeFiles/cmTC_2aa7b.dir/CMakeCXXCompilerABI.cpp.o -lstdc++ -lm -lgcc_s -lgcc -lc -lgcc_s -lgcc /usr/lib/gcc/x86_64-linux-gnu/8/crtend.o /usr/lib/gcc/x86_64-linux-gnu/8/../../../x86_64-linux-gnu/crtn.o
COLLECT_GCC_OPTIONS='-v' '-o' 'cmTC_2aa7b' '-shared-libgcc' '-mtune=generic' '-march=x86-64'
make[1]: Leaving directory '/home/anupam/github_robotics/simulator/mujoco/build/CMakeFiles/CMakeScratch/TryCompile-aTcUEB'



Parsed CXX implicit include dir info from above output: rv=done
  found start of include info
  found start of implicit include info
    add: [/usr/include/c++/8]
    add: [/usr/include/x86_64-linux-gnu/c++/8]
    add: [/usr/include/c++/8/backward]
    add: [/usr/lib/gcc/x86_64-linux-gnu/8/include]
    add: [/usr/local/include]
    add: [/usr/lib/gcc/x86_64-linux-gnu/8/include-fixed]
    add: [/usr/include/x86_64-linux-gnu]
    add: [/usr/include]
  end of search list found
  collapse include dir [/usr/include/c++/8] ==> [/usr/include/c++/8]
  collapse include dir [/usr/include/x86_64-linux-gnu/c++/8] ==> [/usr/include/x86_64-linux-gnu/c++/8]
  collapse include dir [/usr/include/c++/8/backward] ==> [/usr/include/c++/8/backward]
  collapse include dir [/usr/lib/gcc/x86_64-linux-gnu/8/include] ==> [/usr/lib/gcc/x86_64-linux-gnu/8/include]
  collapse include dir [/usr/local/include] ==> [/usr/local/include]
  collapse include dir [/usr/lib/gcc/x86_64-linux-gnu/8/include-fixed] ==> [/usr/lib/gcc/x86_64-linux-gnu/8/include-fixed]
  collapse include dir [/usr/include/x86_64-linux-gnu] ==> [/usr/include/x86_64-linux-gnu]
  collapse include dir [/usr/include] ==> [/usr/include]
  implicit include dirs: [/usr/include/c++/8;/usr/include/x86_64-linux-gnu/c++/8;/usr/include/c++/8/backward;/usr/lib/gcc/x86_64-linux-gnu/8/include;/usr/local/include;/usr/lib/gcc/x86_64-linux-gnu/8/include-fixed;/usr/include/x86_64-linux-gnu;/usr/include]


Parsed CXX implicit link information from above output:
  link line regex: [^( *|.*[/\])(ld|CMAKE_LINK_STARTFILE-NOTFOUND|([^/\]+-)?ld|collect2)[^/\]*( |$)]
  ignore line: [Change Dir: /home/anupam/github_robotics/simulator/mujoco/build/CMakeFiles/CMakeScratch/TryCompile-aTcUEB]
  ignore line: []
  ignore line: [Run Build Command(s):/usr/bin/make -f Makefile cmTC_2aa7b/fast && /usr/bin/make  -f CMakeFiles/cmTC_2aa7b.dir/build.make CMakeFiles/cmTC_2aa7b.dir/build]
  ignore line: [make[1]: Entering directory '/home/anupam/github_robotics/simulator/mujoco/build/CMakeFiles/CMakeScratch/TryCompile-aTcUEB']
  ignore line: [Building CXX object CMakeFiles/cmTC_2aa7b.dir/CMakeCXXCompilerABI.cpp.o]
  ignore line: [/usr/lib/ccache/c++   -v -o CMakeFiles/cmTC_2aa7b.dir/CMakeCXXCompilerABI.cpp.o -c /usr/local/share/cmake-3.25/Modules/CMakeCXXCompilerABI.cpp]
  ignore line: [Using built-in specs.]
  ignore line: [COLLECT_GCC=/usr/bin/c++]
  ignore line: [OFFLOAD_TARGET_NAMES=nvptx-none]
  ignore line: [OFFLOAD_TARGET_DEFAULT=1]
  ignore line: [Target: x86_64-linux-gnu]
  ignore line: [Configured with: ../src/configure -v --with-pkgversion='Ubuntu 8.4.0-1ubuntu1~16.04.1' --with-bugurl=file:///usr/share/doc/gcc-8/README.Bugs --enable-languages=c ada c++ go brig d fortran objc obj-c++ --prefix=/usr --with-gcc-major-version-only --program-suffix=-8 --program-prefix=x86_64-linux-gnu- --enable-shared --enable-linker-build-id --libexecdir=/usr/lib --without-included-gettext --enable-threads=posix --libdir=/usr/lib --enable-nls --enable-clocale=gnu --enable-libstdcxx-debug --enable-libstdcxx-time=yes --with-default-libstdcxx-abi=new --enable-gnu-unique-object --disable-vtable-verify --enable-libmpx --enable-plugin --with-system-zlib --with-target-system-zlib=auto --enable-objc-gc=auto --enable-multiarch --disable-werror --with-arch-32=i686 --with-abi=m64 --with-multilib-list=m32 m64 mx32 --enable-multilib --with-tune=generic --enable-offload-targets=nvptx-none --without-cuda-driver --enable-checking=release --build=x86_64-linux-gnu --host=x86_64-linux-gnu --target=x86_64-linux-gnu]
  ignore line: [Thread model: posix]
  ignore line: [gcc version 8.4.0 (Ubuntu 8.4.0-1ubuntu1~16.04.1) ]
  ignore line: [COLLECT_GCC_OPTIONS='-v' '-E' '-shared-libgcc' '-mtune=generic' '-march=x86-64']
  ignore line: [ /usr/lib/gcc/x86_64-linux-gnu/8/cc1plus -E -quiet -v -imultiarch x86_64-linux-gnu -D_GNU_SOURCE /usr/local/share/cmake-3.25/Modules/CMakeCXXCompilerABI.cpp -mtune=generic -march=x86-64 -fstack-protector-strong -Wformat -Wformat-security]
  ignore line: [ignoring duplicate directory "/usr/include/x86_64-linux-gnu/c++/8"]
  ignore line: [ignoring nonexistent directory "/usr/local/include/x86_64-linux-gnu"]
  ignore line: [ignoring nonexistent directory "/usr/lib/gcc/x86_64-linux-gnu/8/../../../../x86_64-linux-gnu/include"]
  ignore line: [#include "..." search starts here:]
  ignore line: [#include <...> search starts here:]
  ignore line: [ /usr/include/c++/8]
  ignore line: [ /usr/include/x86_64-linux-gnu/c++/8]
  ignore line: [ /usr/include/c++/8/backward]
  ignore line: [ /usr/lib/gcc/x86_64-linux-gnu/8/include]
  ignore line: [ /usr/local/include]
  ignore line: [ /usr/lib/gcc/x86_64-linux-gnu/8/include-fixed]
  ignore line: [ /usr/include/x86_64-linux-gnu]
  ignore line: [ /usr/include]
  ignore line: [End of search list.]
  ignore line: [COMPILER_PATH=/usr/lib/gcc/x86_64-linux-gnu/8/:/usr/lib/gcc/x86_64-linux-gnu/8/:/usr/lib/gcc/x86_64-linux-gnu/:/usr/lib/gcc/x86_64-linux-gnu/8/:/usr/lib/gcc/x86_64-linux-gnu/]
  ignore line: [LIBRARY_PATH=/usr/lib/gcc/x86_64-linux-gnu/8/:/usr/lib/gcc/x86_64-linux-gnu/8/../../../x86_64-linux-gnu/:/usr/lib/gcc/x86_64-linux-gnu/8/../../../../lib/:/lib/x86_64-linux-gnu/:/lib/../lib/:/usr/lib/x86_64-linux-gnu/:/usr/lib/../lib/:/usr/lib/gcc/x86_64-linux-gnu/8/../../../:/lib/:/usr/lib/]
  ignore line: [COLLECT_GCC_OPTIONS='-v' '-E' '-shared-libgcc' '-mtune=generic' '-march=x86-64']
  ignore line: [Using built-in specs.]
  ignore line: [COLLECT_GCC=/usr/bin/c++]
  ignore line: [OFFLOAD_TARGET_NAMES=nvptx-none]
  ignore line: [OFFLOAD_TARGET_DEFAULT=1]
  ignore line: [Target: x86_64-linux-gnu]
  ignore line: [Configured with: ../src/configure -v --with-pkgversion='Ubuntu 8.4.0-1ubuntu1~16.04.1' --with-bugurl=file:///usr/share/doc/gcc-8/README.Bugs --enable-languages=c ada c++ go brig d fortran objc obj-c++ --prefix=/usr --with-gcc-major-version-only --program-suffix=-8 --program-prefix=x86_64-linux-gnu- --enable-shared --enable-linker-build-id --libexecdir=/usr/lib --without-included-gettext --enable-threads=posix --libdir=/usr/lib --enable-nls --enable-clocale=gnu --enable-libstdcxx-debug --enable-libstdcxx-time=yes --with-default-libstdcxx-abi=new --enable-gnu-unique-object --disable-vtable-verify --enable-libmpx --enable-plugin --with-system-zlib --with-target-system-zlib=auto --enable-objc-gc=auto --enable-multiarch --disable-werror --with-arch-32=i686 --with-abi=m64 --with-multilib-list=m32 m64 mx32 --enable-multilib --with-tune=generic --enable-offload-targets=nvptx-none --without-cuda-driver --enable-checking=release --build=x86_64-linux-gnu --host=x86_64-linux-gnu --target=x86_64-linux-gnu]
  ignore line: [Thread model: posix]
  ignore line: [gcc version 8.4.0 (Ubuntu 8.4.0-1ubuntu1~16.04.1) ]
  ignore line: [COLLECT_GCC_OPTIONS='-v' '-c' '-o' 'CMakeFiles/cmTC_2aa7b.dir/CMakeCXXCompilerABI.cpp.o' '-shared-libgcc' '-mtune=generic' '-march=x86-64']
  ignore line: [ /usr/lib/gcc/x86_64-linux-gnu/8/cc1plus -fpreprocessed /home/anupam/.ccache/tmp/CMakeCXXCo.stdout.anupam-Inspiron-15-7000-Gaming.9129.qOzVYK.ii -quiet -dumpbase CMakeCXXCo.stdout.anupam-Inspiron-15-7000-Gaming.9129.qOzVYK.ii -mtune=generic -march=x86-64 -auxbase-strip CMakeFiles/cmTC_2aa7b.dir/CMakeCXXCompilerABI.cpp.o -version -fstack-protector-strong -Wformat -Wformat-security -o /tmp/ccPjMzqm.s]
  ignore line: [GNU C++14 (Ubuntu 8.4.0-1ubuntu1~16.04.1) version 8.4.0 (x86_64-linux-gnu)]
  ignore line: [	compiled by GNU C version 8.4.0  GMP version 6.1.0  MPFR version 3.1.4  MPC version 1.0.3  isl version isl-0.16.1-GMP]
  ignore line: []
  ignore line: [GGC heuristics: --param ggc-min-expand=100 --param ggc-min-heapsize=131072]
  ignore line: [GNU C++14 (Ubuntu 8.4.0-1ubuntu1~16.04.1) version 8.4.0 (x86_64-linux-gnu)]
  ignore line: [	compiled by GNU C version 8.4.0  GMP version 6.1.0  MPFR version 3.1.4  MPC version 1.0.3  isl version isl-0.16.1-GMP]
  ignore line: []
  ignore line: [GGC heuristics: --param ggc-min-expand=100 --param ggc-min-heapsize=131072]
  ignore line: [Compiler executable checksum: 7dad3bff82ecfae38e491e2a60b7bf75]
  ignore line: [COLLECT_GCC_OPTIONS='-v' '-c' '-o' 'CMakeFiles/cmTC_2aa7b.dir/CMakeCXXCompilerABI.cpp.o' '-shared-libgcc' '-mtune=generic' '-march=x86-64']
  ignore line: [ as -v --64 -o CMakeFiles/cmTC_2aa7b.dir/CMakeCXXCompilerABI.cpp.o /tmp/ccPjMzqm.s]
  ignore line: [GNU assembler version 2.26.1 (x86_64-linux-gnu) using BFD version (GNU Binutils for Ubuntu) 2.26.1]
  ignore line: [COMPILER_PATH=/usr/lib/gcc/x86_64-linux-gnu/8/:/usr/lib/gcc/x86_64-linux-gnu/8/:/usr/lib/gcc/x86_64-linux-gnu/:/usr/lib/gcc/x86_64-linux-gnu/8/:/usr/lib/gcc/x86_64-linux-gnu/]
  ignore line: [LIBRARY_PATH=/usr/lib/gcc/x86_64-linux-gnu/8/:/usr/lib/gcc/x86_64-linux-gnu/8/../../../x86_64-linux-gnu/:/usr/lib/gcc/x86_64-linux-gnu/8/../../../../lib/:/lib/x86_64-linux-gnu/:/lib/../lib/:/usr/lib/x86_64-linux-gnu/:/usr/lib/../lib/:/usr/lib/gcc/x86_64-linux-gnu/8/../../../:/lib/:/usr/lib/]
  ignore line: [COLLECT_GCC_OPTIONS='-v' '-c' '-o' 'CMakeFiles/cmTC_2aa7b.dir/CMakeCXXCompilerABI.cpp.o' '-shared-libgcc' '-mtune=generic' '-march=x86-64']
  ignore line: [Linking CXX executable cmTC_2aa7b]
  ignore line: [/usr/local/bin/cmake -E cmake_link_script CMakeFiles/cmTC_2aa7b.dir/link.txt --verbose=1]
  ignore line: [/usr/lib/ccache/c++  -v CMakeFiles/cmTC_2aa7b.dir/CMakeCXXCompilerABI.cpp.o -o cmTC_2aa7b ]
  ignore line: [Using built-in specs.]
  ignore line: [COLLECT_GCC=/usr/bin/c++]
  ignore line: [COLLECT_LTO_WRAPPER=/usr/lib/gcc/x86_64-linux-gnu/8/lto-wrapper]
  ignore line: [OFFLOAD_TARGET_NAMES=nvptx-none]
  ignore line: [OFFLOAD_TARGET_DEFAULT=1]
  ignore line: [Target: x86_64-linux-gnu]
  ignore line: [Configured with: ../src/configure -v --with-pkgversion='Ubuntu 8.4.0-1ubuntu1~16.04.1' --with-bugurl=file:///usr/share/doc/gcc-8/README.Bugs --enable-languages=c ada c++ go brig d fortran objc obj-c++ --prefix=/usr --with-gcc-major-version-only --program-suffix=-8 --program-prefix=x86_64-linux-gnu- --enable-shared --enable-linker-build-id --libexecdir=/usr/lib --without-included-gettext --enable-threads=posix --libdir=/usr/lib --enable-nls --enable-clocale=gnu --enable-libstdcxx-debug --enable-libstdcxx-time=yes --with-default-libstdcxx-abi=new --enable-gnu-unique-object --disable-vtable-verify --enable-libmpx --enable-plugin --with-system-zlib --with-target-system-zlib=auto --enable-objc-gc=auto --enable-multiarch --disable-werror --with-arch-32=i686 --with-abi=m64 --with-multilib-list=m32 m64 mx32 --enable-multilib --with-tune=generic --enable-offload-targets=nvptx-none --without-cuda-driver --enable-checking=release --build=x86_64-linux-gnu --host=x86_64-linux-gnu --target=x86_64-linux-gnu]
  ignore line: [Thread model: posix]
  ignore line: [gcc version 8.4.0 (Ubuntu 8.4.0-1ubuntu1~16.04.1) ]
  ignore line: [COMPILER_PATH=/usr/lib/gcc/x86_64-linux-gnu/8/:/usr/lib/gcc/x86_64-linux-gnu/8/:/usr/lib/gcc/x86_64-linux-gnu/:/usr/lib/gcc/x86_64-linux-gnu/8/:/usr/lib/gcc/x86_64-linux-gnu/]
  ignore line: [LIBRARY_PATH=/usr/lib/gcc/x86_64-linux-gnu/8/:/usr/lib/gcc/x86_64-linux-gnu/8/../../../x86_64-linux-gnu/:/usr/lib/gcc/x86_64-linux-gnu/8/../../../../lib/:/lib/x86_64-linux-gnu/:/lib/../lib/:/usr/lib/x86_64-linux-gnu/:/usr/lib/../lib/:/usr/lib/gcc/x86_64-linux-gnu/8/../../../:/lib/:/usr/lib/]
  ignore line: [COLLECT_GCC_OPTIONS='-v' '-o' 'cmTC_2aa7b' '-shared-libgcc' '-mtune=generic' '-march=x86-64']
  link line: [ /usr/lib/gcc/x86_64-linux-gnu/8/collect2 -plugin /usr/lib/gcc/x86_64-linux-gnu/8/liblto_plugin.so -plugin-opt=/usr/lib/gcc/x86_64-linux-gnu/8/lto-wrapper -plugin-opt=-fresolution=/tmp/ccc4gBGl.res -plugin-opt=-pass-through=-lgcc_s -plugin-opt=-pass-through=-lgcc -plugin-opt=-pass-through=-lc -plugin-opt=-pass-through=-lgcc_s -plugin-opt=-pass-through=-lgcc --build-id --eh-frame-hdr -m elf_x86_64 --hash-style=gnu --as-needed -dynamic-linker /lib64/ld-linux-x86-64.so.2 -z relro -o cmTC_2aa7b /usr/lib/gcc/x86_64-linux-gnu/8/../../../x86_64-linux-gnu/crt1.o /usr/lib/gcc/x86_64-linux-gnu/8/../../../x86_64-linux-gnu/crti.o /usr/lib/gcc/x86_64-linux-gnu/8/crtbegin.o -L/usr/lib/gcc/x86_64-linux-gnu/8 -L/usr/lib/gcc/x86_64-linux-gnu/8/../../../x86_64-linux-gnu -L/usr/lib/gcc/x86_64-linux-gnu/8/../../../../lib -L/lib/x86_64-linux-gnu -L/lib/../lib -L/usr/lib/x86_64-linux-gnu -L/usr/lib/../lib -L/usr/lib/gcc/x86_64-linux-gnu/8/../../.. CMakeFiles/cmTC_2aa7b.dir/CMakeCXXCompilerABI.cpp.o -lstdc++ -lm -lgcc_s -lgcc -lc -lgcc_s -lgcc /usr/lib/gcc/x86_64-linux-gnu/8/crtend.o /usr/lib/gcc/x86_64-linux-gnu/8/../../../x86_64-linux-gnu/crtn.o]
    arg [/usr/lib/gcc/x86_64-linux-gnu/8/collect2] ==> ignore
    arg [-plugin] ==> ignore
    arg [/usr/lib/gcc/x86_64-linux-gnu/8/liblto_plugin.so] ==> ignore
    arg [-plugin-opt=/usr/lib/gcc/x86_64-linux-gnu/8/lto-wrapper] ==> ignore
    arg [-plugin-opt=-fresolution=/tmp/ccc4gBGl.res] ==> ignore
    arg [-plugin-opt=-pass-through=-lgcc_s] ==> ignore
    arg [-plugin-opt=-pass-through=-lgcc] ==> ignore
    arg [-plugin-opt=-pass-through=-lc] ==> ignore
    arg [-plugin-opt=-pass-through=-lgcc_s] ==> ignore
    arg [-plugin-opt=-pass-through=-lgcc] ==> ignore
    arg [--build-id] ==> ignore
    arg [--eh-frame-hdr] ==> ignore
    arg [-m] ==> ignore
    arg [elf_x86_64] ==> ignore
    arg [--hash-style=gnu] ==> ignore
    arg [--as-needed] ==> ignore
    arg [-dynamic-linker] ==> ignore
    arg [/lib64/ld-linux-x86-64.so.2] ==> ignore
    arg [-zrelro] ==> ignore
    arg [-o] ==> ignore
    arg [cmTC_2aa7b] ==> ignore
    arg [/usr/lib/gcc/x86_64-linux-gnu/8/../../../x86_64-linux-gnu/crt1.o] ==> obj [/usr/lib/gcc/x86_64-linux-gnu/8/../../../x86_64-linux-gnu/crt1.o]
    arg [/usr/lib/gcc/x86_64-linux-gnu/8/../../../x86_64-linux-gnu/crti.o] ==> obj [/usr/lib/gcc/x86_64-linux-gnu/8/../../../x86_64-linux-gnu/crti.o]
    arg [/usr/lib/gcc/x86_64-linux-gnu/8/crtbegin.o] ==> obj [/usr/lib/gcc/x86_64-linux-gnu/8/crtbegin.o]
    arg [-L/usr/lib/gcc/x86_64-linux-gnu/8] ==> dir [/usr/lib/gcc/x86_64-linux-gnu/8]
    arg [-L/usr/lib/gcc/x86_64-linux-gnu/8/../../../x86_64-linux-gnu] ==> dir [/usr/lib/gcc/x86_64-linux-gnu/8/../../../x86_64-linux-gnu]
    arg [-L/usr/lib/gcc/x86_64-linux-gnu/8/../../../../lib] ==> dir [/usr/lib/gcc/x86_64-linux-gnu/8/../../../../lib]
    arg [-L/lib/x86_64-linux-gnu] ==> dir [/lib/x86_64-linux-gnu]
    arg [-L/lib/../lib] ==> dir [/lib/../lib]
    arg [-L/usr/lib/x86_64-linux-gnu] ==> dir [/usr/lib/x86_64-linux-gnu]
    arg [-L/usr/lib/../lib] ==> dir [/usr/lib/../lib]
    arg [-L/usr/lib/gcc/x86_64-linux-gnu/8/../../..] ==> dir [/usr/lib/gcc/x86_64-linux-gnu/8/../../..]
    arg [CMakeFiles/cmTC_2aa7b.dir/CMakeCXXCompilerABI.cpp.o] ==> ignore
    arg [-lstdc++] ==> lib [stdc++]
    arg [-lm] ==> lib [m]
    arg [-lgcc_s] ==> lib [gcc_s]
    arg [-lgcc] ==> lib [gcc]
    arg [-lc] ==> lib [c]
    arg [-lgcc_s] ==> lib [gcc_s]
    arg [-lgcc] ==> lib [gcc]
    arg [/usr/lib/gcc/x86_64-linux-gnu/8/crtend.o] ==> obj [/usr/lib/gcc/x86_64-linux-gnu/8/crtend.o]
    arg [/usr/lib/gcc/x86_64-linux-gnu/8/../../../x86_64-linux-gnu/crtn.o] ==> obj [/usr/lib/gcc/x86_64-linux-gnu/8/../../../x86_64-linux-gnu/crtn.o]
  collapse obj [/usr/lib/gcc/x86_64-linux-gnu/8/../../../x86_64-linux-gnu/crt1.o] ==> [/usr/lib/x86_64-linux-gnu/crt1.o]
  collapse obj [/usr/lib/gcc/x86_64-linux-gnu/8/../../../x86_64-linux-gnu/crti.o] ==> [/usr/lib/x86_64-linux-gnu/crti.o]
  collapse obj [/usr/lib/gcc/x86_64-linux-gnu/8/../../../x86_64-linux-gnu/crtn.o] ==> [/usr/lib/x86_64-linux-gnu/crtn.o]
  collapse library dir [/usr/lib/gcc/x86_64-linux-gnu/8] ==> [/usr/lib/gcc/x86_64-linux-gnu/8]
  collapse library dir [/usr/lib/gcc/x86_64-linux-gnu/8/../../../x86_64-linux-gnu] ==> [/usr/lib/x86_64-linux-gnu]
  collapse library dir [/usr/lib/gcc/x86_64-linux-gnu/8/../../../../lib] ==> [/usr/lib]
  collapse library dir [/lib/x86_64-linux-gnu] ==> [/lib/x86_64-linux-gnu]
  collapse library dir [/lib/../lib] ==> [/lib]
  collapse library dir [/usr/lib/x86_64-linux-gnu] ==> [/usr/lib/x86_64-linux-gnu]
  collapse library dir [/usr/lib/../lib] ==> [/usr/lib]
  collapse library dir [/usr/lib/gcc/x86_64-linux-gnu/8/../../..] ==> [/usr/lib]
  implicit libs: [stdc++;m;gcc_s;gcc;c;gcc_s;gcc]
  implicit objs: [/usr/lib/x86_64-linux-gnu/crt1.o;/usr/lib/x86_64-linux-gnu/crti.o;/usr/lib/gcc/x86_64-linux-gnu/8/crtbegin.o;/usr/lib/gcc/x86_64-linux-gnu/8/crtend.o;/usr/lib/x86_64-linux-gnu/crtn.o]
  implicit dirs: [/usr/lib/gcc/x86_64-linux-gnu/8;/usr/lib/x86_64-linux-gnu;/usr/lib;/lib/x86_64-linux-gnu;/lib]
  implicit fwks: []


Performing C SOURCE FILE Test CAN_BUILD_AVX succeeded with the following output:
Change Dir: /home/anupam/github_robotics/simulator/mujoco/build/CMakeFiles/CMakeScratch/TryCompile-HTlDDZ

Run Build Command(s):/usr/bin/make -f Makefile cmTC_59215/fast && /usr/bin/make  -f CMakeFiles/cmTC_59215.dir/build.make CMakeFiles/cmTC_59215.dir/build
make[1]: Entering directory '/home/anupam/github_robotics/simulator/mujoco/build/CMakeFiles/CMakeScratch/TryCompile-HTlDDZ'
Building C object CMakeFiles/cmTC_59215.dir/src.c.o
/usr/lib/ccache/cc -DCAN_BUILD_AVX  -mavx -fPIE -std=c11 -o CMakeFiles/cmTC_59215.dir/src.c.o -c /home/anupam/github_robotics/simulator/mujoco/build/CMakeFiles/CMakeScratch/TryCompile-HTlDDZ/src.c
Linking C executable cmTC_59215
/usr/local/bin/cmake -E cmake_link_script CMakeFiles/cmTC_59215.dir/link.txt --verbose=1
/usr/lib/ccache/cc  -mavx CMakeFiles/cmTC_59215.dir/src.c.o -o cmTC_59215 
make[1]: Leaving directory '/home/anupam/github_robotics/simulator/mujoco/build/CMakeFiles/CMakeScratch/TryCompile-HTlDDZ'


Source file was:

      #include <immintrin.h>
      int main(int argc, char* argv[]) {
        __m256d ymm;
        return 0;
      }
    

Performing C SOURCE FILE Test SUPPORTS_GOLD succeeded with the following output:
Change Dir: /home/anupam/github_robotics/simulator/mujoco/build/CMakeFiles/CMakeScratch/TryCompile-wpEtxM

Run Build Command(s):/usr/bin/make -f Makefile cmTC_52c80/fast && /usr/bin/make  -f CMakeFiles/cmTC_52c80.dir/build.make CMakeFiles/cmTC_52c80.dir/build
make[1]: Entering directory '/home/anupam/github_robotics/simulator/mujoco/build/CMakeFiles/CMakeScratch/TryCompile-wpEtxM'
Building C object CMakeFiles/cmTC_52c80.dir/src.c.o
/usr/lib/ccache/cc -DSUPPORTS_GOLD  -fuse-ld=gold -fPIE -std=c11 -o CMakeFiles/cmTC_52c80.dir/src.c.o -c /home/anupam/github_robotics/simulator/mujoco/build/CMakeFiles/CMakeScratch/TryCompile-wpEtxM/src.c
Linking C executable cmTC_52c80
/usr/local/bin/cmake -E cmake_link_script CMakeFiles/cmTC_52c80.dir/link.txt --verbose=1
/usr/lib/ccache/cc  -fuse-ld=gold CMakeFiles/cmTC_52c80.dir/src.c.o -o cmTC_52c80 
make[1]: Leaving directory '/home/anupam/github_robotics/simulator/mujoco/build/CMakeFiles/CMakeScratch/TryCompile-wpEtxM'


Source file was:
int main() {}

Performing C SOURCE FILE Test SUPPORTS_GC_SECTIONS succeeded with the following output:
Change Dir: /home/anupam/github_robotics/simulator/mujoco/build/CMakeFiles/CMakeScratch/TryCompile-rKHUab

Run Build Command(s):/usr/bin/make -f Makefile cmTC_992eb/fast && /usr/bin/make  -f CMakeFiles/cmTC_992eb.dir/build.make CMakeFiles/cmTC_992eb.dir/build
make[1]: Entering directory '/home/anupam/github_robotics/simulator/mujoco/build/CMakeFiles/CMakeScratch/TryCompile-rKHUab'
Building C object CMakeFiles/cmTC_992eb.dir/src.c.o
/usr/lib/ccache/cc -DSUPPORTS_GC_SECTIONS  -fuse-ld=gold -fPIE -std=c11 -o CMakeFiles/cmTC_992eb.dir/src.c.o -c /home/anupam/github_robotics/simulator/mujoco/build/CMakeFiles/CMakeScratch/TryCompile-rKHUab/src.c
Linking C executable cmTC_992eb
/usr/local/bin/cmake -E cmake_link_script CMakeFiles/cmTC_992eb.dir/link.txt --verbose=1
/usr/lib/ccache/cc  -fuse-ld=gold CMakeFiles/cmTC_992eb.dir/src.c.o -o cmTC_992eb 
make[1]: Leaving directory '/home/anupam/github_robotics/simulator/mujoco/build/CMakeFiles/CMakeScratch/TryCompile-rKHUab'


Source file was:
int main() {}

Determining if the include file sys/types.h exists passed with the following output:
Change Dir: /home/anupam/github_robotics/simulator/mujoco/build/CMakeFiles/CMakeScratch/TryCompile-MWzEaI

Run Build Command(s):/usr/bin/make -f Makefile cmTC_04803/fast && /usr/bin/make  -f CMakeFiles/cmTC_04803.dir/build.make CMakeFiles/cmTC_04803.dir/build
make[1]: Entering directory '/home/anupam/github_robotics/simulator/mujoco/build/CMakeFiles/CMakeScratch/TryCompile-MWzEaI'
Building C object CMakeFiles/cmTC_04803.dir/CheckIncludeFile.c.o
/usr/lib/ccache/cc -D_FILE_OFFSET_BITS=64 -D_LARGEFILE_SOURCE -D_LARGE_FILES -D__STDC_CONSTANT_MACROS -D__STDC_FORMAT_MACROS -D__STDC_LIMIT_MACROS  -fPIE -o CMakeFiles/cmTC_04803.dir/CheckIncludeFile.c.o -c /home/anupam/github_robotics/simulator/mujoco/build/CMakeFiles/CMakeScratch/TryCompile-MWzEaI/CheckIncludeFile.c
Linking C executable cmTC_04803
/usr/local/bin/cmake -E cmake_link_script CMakeFiles/cmTC_04803.dir/link.txt --verbose=1
/usr/lib/ccache/cc -rdynamic CMakeFiles/cmTC_04803.dir/CheckIncludeFile.c.o -o cmTC_04803 
make[1]: Leaving directory '/home/anupam/github_robotics/simulator/mujoco/build/CMakeFiles/CMakeScratch/TryCompile-MWzEaI'



Determining if the include file inttypes.h exists passed with the following output:
Change Dir: /home/anupam/github_robotics/simulator/mujoco/build/CMakeFiles/CMakeScratch/TryCompile-8jD8jf

Run Build Command(s):/usr/bin/make -f Makefile cmTC_17e23/fast && /usr/bin/make  -f CMakeFiles/cmTC_17e23.dir/build.make CMakeFiles/cmTC_17e23.dir/build
make[1]: Entering directory '/home/anupam/github_robotics/simulator/mujoco/build/CMakeFiles/CMakeScratch/TryCompile-8jD8jf'
Building C object CMakeFiles/cmTC_17e23.dir/CheckIncludeFile.c.o
/usr/lib/ccache/cc -D_FILE_OFFSET_BITS=64 -D_LARGEFILE_SOURCE -D_LARGE_FILES -D__STDC_CONSTANT_MACROS -D__STDC_FORMAT_MACROS -D__STDC_LIMIT_MACROS  -fPIE -o CMakeFiles/cmTC_17e23.dir/CheckIncludeFile.c.o -c /home/anupam/github_robotics/simulator/mujoco/build/CMakeFiles/CMakeScratch/TryCompile-8jD8jf/CheckIncludeFile.c
Linking C executable cmTC_17e23
/usr/local/bin/cmake -E cmake_link_script CMakeFiles/cmTC_17e23.dir/link.txt --verbose=1
/usr/lib/ccache/cc -rdynamic CMakeFiles/cmTC_17e23.dir/CheckIncludeFile.c.o -o cmTC_17e23 
make[1]: Leaving directory '/home/anupam/github_robotics/simulator/mujoco/build/CMakeFiles/CMakeScratch/TryCompile-8jD8jf'



Determining if the include file stddef.h exists passed with the following output:
Change Dir: /home/anupam/github_robotics/simulator/mujoco/build/CMakeFiles/CMakeScratch/TryCompile-8sZ5CM

Run Build Command(s):/usr/bin/make -f Makefile cmTC_2ffce/fast && /usr/bin/make  -f CMakeFiles/cmTC_2ffce.dir/build.make CMakeFiles/cmTC_2ffce.dir/build
make[1]: Entering directory '/home/anupam/github_robotics/simulator/mujoco/build/CMakeFiles/CMakeScratch/TryCompile-8sZ5CM'
Building C object CMakeFiles/cmTC_2ffce.dir/CheckIncludeFile.c.o
/usr/lib/ccache/cc -D_FILE_OFFSET_BITS=64 -D_LARGEFILE_SOURCE -D_LARGE_FILES -D__STDC_CONSTANT_MACROS -D__STDC_FORMAT_MACROS -D__STDC_LIMIT_MACROS  -fPIE -o CMakeFiles/cmTC_2ffce.dir/CheckIncludeFile.c.o -c /home/anupam/github_robotics/simulator/mujoco/build/CMakeFiles/CMakeScratch/TryCompile-8sZ5CM/CheckIncludeFile.c
Linking C executable cmTC_2ffce
/usr/local/bin/cmake -E cmake_link_script CMakeFiles/cmTC_2ffce.dir/link.txt --verbose=1
/usr/lib/ccache/cc -rdynamic CMakeFiles/cmTC_2ffce.dir/CheckIncludeFile.c.o -o cmTC_2ffce 
make[1]: Leaving directory '/home/anupam/github_robotics/simulator/mujoco/build/CMakeFiles/CMakeScratch/TryCompile-8sZ5CM'



Determining if the include file stdint.h exists passed with the following output:
Change Dir: /home/anupam/github_robotics/simulator/mujoco/build/CMakeFiles/CMakeScratch/TryCompile-c7Se7j

Run Build Command(s):/usr/bin/make -f Makefile cmTC_adb23/fast && /usr/bin/make  -f CMakeFiles/cmTC_adb23.dir/build.make CMakeFiles/cmTC_adb23.dir/build
make[1]: Entering directory '/home/anupam/github_robotics/simulator/mujoco/build/CMakeFiles/CMakeScratch/TryCompile-c7Se7j'
Building C object CMakeFiles/cmTC_adb23.dir/CheckIncludeFile.c.o
/usr/lib/ccache/cc -D_FILE_OFFSET_BITS=64 -D_LARGEFILE_SOURCE -D_LARGE_FILES -D__STDC_CONSTANT_MACROS -D__STDC_FORMAT_MACROS -D__STDC_LIMIT_MACROS  -fPIE -o CMakeFiles/cmTC_adb23.dir/CheckIncludeFile.c.o -c /home/anupam/github_robotics/simulator/mujoco/build/CMakeFiles/CMakeScratch/TryCompile-c7Se7j/CheckIncludeFile.c
Linking C executable cmTC_adb23
/usr/local/bin/cmake -E cmake_link_script CMakeFiles/cmTC_adb23.dir/link.txt --verbose=1
/usr/lib/ccache/cc -rdynamic CMakeFiles/cmTC_adb23.dir/CheckIncludeFile.c.o -o cmTC_adb23 
make[1]: Leaving directory '/home/anupam/github_robotics/simulator/mujoco/build/CMakeFiles/CMakeScratch/TryCompile-c7Se7j'



Determining size of off_t passed with the following output:
Change Dir: /home/anupam/github_robotics/simulator/mujoco/build/CMakeFiles/CMakeScratch/TryCompile-RIGtNR

Run Build Command(s):/usr/bin/make -f Makefile cmTC_1eef1/fast && /usr/bin/make  -f CMakeFiles/cmTC_1eef1.dir/build.make CMakeFiles/cmTC_1eef1.dir/build
make[1]: Entering directory '/home/anupam/github_robotics/simulator/mujoco/build/CMakeFiles/CMakeScratch/TryCompile-RIGtNR'
Building C object CMakeFiles/cmTC_1eef1.dir/SIZEOF_OFF_T.c.o
/usr/lib/ccache/cc -D_FILE_OFFSET_BITS=64 -D_LARGEFILE_SOURCE -D_LARGE_FILES -D__STDC_CONSTANT_MACROS -D__STDC_FORMAT_MACROS -D__STDC_LIMIT_MACROS  -fPIE -o CMakeFiles/cmTC_1eef1.dir/SIZEOF_OFF_T.c.o -c /home/anupam/github_robotics/simulator/mujoco/build/CMakeFiles/CMakeScratch/TryCompile-RIGtNR/SIZEOF_OFF_T.c
Linking C executable cmTC_1eef1
/usr/local/bin/cmake -E cmake_link_script CMakeFiles/cmTC_1eef1.dir/link.txt --verbose=1
/usr/lib/ccache/cc -rdynamic CMakeFiles/cmTC_1eef1.dir/SIZEOF_OFF_T.c.o -o cmTC_1eef1 
make[1]: Leaving directory '/home/anupam/github_robotics/simulator/mujoco/build/CMakeFiles/CMakeScratch/TryCompile-RIGtNR'



Determining if the fseeko exist passed with the following output:
Change Dir: /home/anupam/github_robotics/simulator/mujoco/build/CMakeFiles/CMakeScratch/TryCompile-yVTqHp

Run Build Command(s):/usr/bin/make -f Makefile cmTC_884b0/fast && /usr/bin/make  -f CMakeFiles/cmTC_884b0.dir/build.make CMakeFiles/cmTC_884b0.dir/build
make[1]: Entering directory '/home/anupam/github_robotics/simulator/mujoco/build/CMakeFiles/CMakeScratch/TryCompile-yVTqHp'
Building C object CMakeFiles/cmTC_884b0.dir/CheckSymbolExists.c.o
/usr/lib/ccache/cc -D_FILE_OFFSET_BITS=64 -D_LARGEFILE_SOURCE -D_LARGE_FILES -D__STDC_CONSTANT_MACROS -D__STDC_FORMAT_MACROS -D__STDC_LIMIT_MACROS  -fPIE -o CMakeFiles/cmTC_884b0.dir/CheckSymbolExists.c.o -c /home/anupam/github_robotics/simulator/mujoco/build/CMakeFiles/CMakeScratch/TryCompile-yVTqHp/CheckSymbolExists.c
Linking C executable cmTC_884b0
/usr/local/bin/cmake -E cmake_link_script CMakeFiles/cmTC_884b0.dir/link.txt --verbose=1
/usr/lib/ccache/cc -rdynamic CMakeFiles/cmTC_884b0.dir/CheckSymbolExists.c.o -o cmTC_884b0 
make[1]: Leaving directory '/home/anupam/github_robotics/simulator/mujoco/build/CMakeFiles/CMakeScratch/TryCompile-yVTqHp'


File CheckSymbolExists.c:
/* */
#include <stdio.h>

int main(int argc, char** argv)
{
  (void)argv;
#ifndef fseeko
  return ((int*)(&fseeko))[argc];
#else
  (void)argc;
  return 0;
#endif
}

Determining if the ftello exist passed with the following output:
Change Dir: /home/anupam/github_robotics/simulator/mujoco/build/CMakeFiles/CMakeScratch/TryCompile-60rENX

Run Build Command(s):/usr/bin/make -f Makefile cmTC_1f0a1/fast && /usr/bin/make  -f CMakeFiles/cmTC_1f0a1.dir/build.make CMakeFiles/cmTC_1f0a1.dir/build
make[1]: Entering directory '/home/anupam/github_robotics/simulator/mujoco/build/CMakeFiles/CMakeScratch/TryCompile-60rENX'
Building C object CMakeFiles/cmTC_1f0a1.dir/CheckSymbolExists.c.o
/usr/lib/ccache/cc -D_FILE_OFFSET_BITS=64 -D_LARGEFILE_SOURCE -D_LARGE_FILES -D__STDC_CONSTANT_MACROS -D__STDC_FORMAT_MACROS -D__STDC_LIMIT_MACROS  -fPIE -o CMakeFiles/cmTC_1f0a1.dir/CheckSymbolExists.c.o -c /home/anupam/github_robotics/simulator/mujoco/build/CMakeFiles/CMakeScratch/TryCompile-60rENX/CheckSymbolExists.c
Linking C executable cmTC_1f0a1
/usr/local/bin/cmake -E cmake_link_script CMakeFiles/cmTC_1f0a1.dir/link.txt --verbose=1
/usr/lib/ccache/cc -rdynamic CMakeFiles/cmTC_1f0a1.dir/CheckSymbolExists.c.o -o cmTC_1f0a1 
make[1]: Leaving directory '/home/anupam/github_robotics/simulator/mujoco/build/CMakeFiles/CMakeScratch/TryCompile-60rENX'


File CheckSymbolExists.c:
/* */
#include <stdio.h>

int main(int argc, char** argv)
{
  (void)argv;
#ifndef ftello
  return ((int*)(&ftello))[argc];
#else
  (void)argc;
  return 0;
#endif
}

Determining if the PRIdMAX exist passed with the following output:
Change Dir: /home/anupam/github_robotics/simulator/mujoco/build/CMakeFiles/CMakeScratch/TryCompile-A9lY6v

Run Build Command(s):/usr/bin/make -f Makefile cmTC_40fcd/fast && /usr/bin/make  -f CMakeFiles/cmTC_40fcd.dir/build.make CMakeFiles/cmTC_40fcd.dir/build
make[1]: Entering directory '/home/anupam/github_robotics/simulator/mujoco/build/CMakeFiles/CMakeScratch/TryCompile-A9lY6v'
Building C object CMakeFiles/cmTC_40fcd.dir/CheckSymbolExists.c.o
/usr/lib/ccache/cc -D_FILE_OFFSET_BITS=64 -D_LARGEFILE_SOURCE -D_LARGE_FILES -D__STDC_CONSTANT_MACROS -D__STDC_FORMAT_MACROS -D__STDC_LIMIT_MACROS  -fPIE -o CMakeFiles/cmTC_40fcd.dir/CheckSymbolExists.c.o -c /home/anupam/github_robotics/simulator/mujoco/build/CMakeFiles/CMakeScratch/TryCompile-A9lY6v/CheckSymbolExists.c
Linking C executable cmTC_40fcd
/usr/local/bin/cmake -E cmake_link_script CMakeFiles/cmTC_40fcd.dir/link.txt --verbose=1
/usr/lib/ccache/cc -rdynamic CMakeFiles/cmTC_40fcd.dir/CheckSymbolExists.c.o -o cmTC_40fcd 
make[1]: Leaving directory '/home/anupam/github_robotics/simulator/mujoco/build/CMakeFiles/CMakeScratch/TryCompile-A9lY6v'


File CheckSymbolExists.c:
/* */
#include <inttypes.h>

int main(int argc, char** argv)
{
  (void)argv;
#ifndef PRIdMAX
  return ((int*)(&PRIdMAX))[argc];
#else
  (void)argc;
  return 0;
#endif
}

Performing C++ SOURCE FILE Test COMPILER_SUPPORTS_VISIBILITY succeeded with the following output:
Change Dir: /home/anupam/github_robotics/simulator/mujoco/build/CMakeFiles/CMakeScratch/TryCompile-11QcRf

Run Build Command(s):/usr/bin/make -f Makefile cmTC_2f5f0/fast && /usr/bin/make  -f CMakeFiles/cmTC_2f5f0.dir/build.make CMakeFiles/cmTC_2f5f0.dir/build
make[1]: Entering directory '/home/anupam/github_robotics/simulator/mujoco/build/CMakeFiles/CMakeScratch/TryCompile-11QcRf'
Building CXX object CMakeFiles/cmTC_2f5f0.dir/src.cxx.o
/usr/lib/ccache/c++ -DCOMPILER_SUPPORTS_VISIBILITY  -fPIE   -fvisibility=hidden -std=c++17 -o CMakeFiles/cmTC_2f5f0.dir/src.cxx.o -c /home/anupam/github_robotics/simulator/mujoco/build/CMakeFiles/CMakeScratch/TryCompile-11QcRf/src.cxx
Linking CXX executable cmTC_2f5f0
/usr/local/bin/cmake -E cmake_link_script CMakeFiles/cmTC_2f5f0.dir/link.txt --verbose=1
/usr/lib/ccache/c++ CMakeFiles/cmTC_2f5f0.dir/src.cxx.o -o cmTC_2f5f0 
make[1]: Leaving directory '/home/anupam/github_robotics/simulator/mujoco/build/CMakeFiles/CMakeScratch/TryCompile-11QcRf'


Source file was:
int main() { return 0; }

Determining if the function pthread_create exists in the pthread passed with the following output:
Change Dir: /home/anupam/github_robotics/simulator/mujoco/build/CMakeFiles/CMakeScratch/TryCompile-qOB2PU

Run Build Command(s):/usr/bin/make -f Makefile cmTC_d22f5/fast && /usr/bin/make  -f CMakeFiles/cmTC_d22f5.dir/build.make CMakeFiles/cmTC_d22f5.dir/build
make[1]: Entering directory '/home/anupam/github_robotics/simulator/mujoco/build/CMakeFiles/CMakeScratch/TryCompile-qOB2PU'
Building C object CMakeFiles/cmTC_d22f5.dir/CheckFunctionExists.c.o
/usr/lib/ccache/cc   -DCHECK_FUNCTION_EXISTS=pthread_create -fPIE -o CMakeFiles/cmTC_d22f5.dir/CheckFunctionExists.c.o -c /home/anupam/github_robotics/simulator/mujoco/build/CMakeFiles/CMakeScratch/TryCompile-qOB2PU/CheckFunctionExists.c
Linking C executable cmTC_d22f5
/usr/local/bin/cmake -E cmake_link_script CMakeFiles/cmTC_d22f5.dir/link.txt --verbose=1
/usr/lib/ccache/cc  -DCHECK_FUNCTION_EXISTS=pthread_create CMakeFiles/cmTC_d22f5.dir/CheckFunctionExists.c.o -o cmTC_d22f5  -lpthread 
make[1]: Leaving directory '/home/anupam/github_robotics/simulator/mujoco/build/CMakeFiles/CMakeScratch/TryCompile-qOB2PU'



Determining if the function shm_open exists in the rt passed with the following output:
Change Dir: /home/anupam/github_robotics/simulator/mujoco/build/CMakeFiles/CMakeScratch/TryCompile-dsKqp2

Run Build Command(s):/usr/bin/make -f Makefile cmTC_a15d7/fast && /usr/bin/make  -f CMakeFiles/cmTC_a15d7.dir/build.make CMakeFiles/cmTC_a15d7.dir/build
make[1]: Entering directory '/home/anupam/github_robotics/simulator/mujoco/build/CMakeFiles/CMakeScratch/TryCompile-dsKqp2'
Building C object CMakeFiles/cmTC_a15d7.dir/CheckFunctionExists.c.o
/usr/lib/ccache/cc   -DCHECK_FUNCTION_EXISTS=shm_open -fPIE -o CMakeFiles/cmTC_a15d7.dir/CheckFunctionExists.c.o -c /home/anupam/github_robotics/simulator/mujoco/build/CMakeFiles/CMakeScratch/TryCompile-dsKqp2/CheckFunctionExists.c
Linking C executable cmTC_a15d7
/usr/local/bin/cmake -E cmake_link_script CMakeFiles/cmTC_a15d7.dir/link.txt --verbose=1
/usr/lib/ccache/cc  -DCHECK_FUNCTION_EXISTS=shm_open CMakeFiles/cmTC_a15d7.dir/CheckFunctionExists.c.o -o cmTC_a15d7  -lrt 
make[1]: Leaving directory '/home/anupam/github_robotics/simulator/mujoco/build/CMakeFiles/CMakeScratch/TryCompile-dsKqp2'



Performing C++ SOURCE FILE Test HAVE_CXX_FLAG_WALL succeeded with the following output:
Change Dir: /home/anupam/github_robotics/simulator/mujoco/build/CMakeFiles/CMakeScratch/TryCompile-p3T6aa

Run Build Command(s):/usr/bin/make -f Makefile cmTC_1068a/fast && /usr/bin/make  -f CMakeFiles/cmTC_1068a.dir/build.make CMakeFiles/cmTC_1068a.dir/build
make[1]: Entering directory '/home/anupam/github_robotics/simulator/mujoco/build/CMakeFiles/CMakeScratch/TryCompile-p3T6aa'
Building CXX object CMakeFiles/cmTC_1068a.dir/src.cxx.o
/usr/lib/ccache/c++ -DHAVE_CXX_FLAG_WALL  -Wall -fPIE   -Wall -std=c++11 -o CMakeFiles/cmTC_1068a.dir/src.cxx.o -c /home/anupam/github_robotics/simulator/mujoco/build/CMakeFiles/CMakeScratch/TryCompile-p3T6aa/src.cxx
Linking CXX executable cmTC_1068a
/usr/local/bin/cmake -E cmake_link_script CMakeFiles/cmTC_1068a.dir/link.txt --verbose=1
/usr/lib/ccache/c++   -Wall CMakeFiles/cmTC_1068a.dir/src.cxx.o -o cmTC_1068a 
make[1]: Leaving directory '/home/anupam/github_robotics/simulator/mujoco/build/CMakeFiles/CMakeScratch/TryCompile-p3T6aa'


Source file was:
int main() { return 0; }

Performing C++ SOURCE FILE Test HAVE_CXX_FLAG_WEXTRA succeeded with the following output:
Change Dir: /home/anupam/github_robotics/simulator/mujoco/build/CMakeFiles/CMakeScratch/TryCompile-xXI5ai

Run Build Command(s):/usr/bin/make -f Makefile cmTC_a9374/fast && /usr/bin/make  -f CMakeFiles/cmTC_a9374.dir/build.make CMakeFiles/cmTC_a9374.dir/build
make[1]: Entering directory '/home/anupam/github_robotics/simulator/mujoco/build/CMakeFiles/CMakeScratch/TryCompile-xXI5ai'
Building CXX object CMakeFiles/cmTC_a9374.dir/src.cxx.o
/usr/lib/ccache/c++ -DHAVE_CXX_FLAG_WEXTRA  -Wall  -Wextra -fPIE   -Wextra -std=c++11 -o CMakeFiles/cmTC_a9374.dir/src.cxx.o -c /home/anupam/github_robotics/simulator/mujoco/build/CMakeFiles/CMakeScratch/TryCompile-xXI5ai/src.cxx
Linking CXX executable cmTC_a9374
/usr/local/bin/cmake -E cmake_link_script CMakeFiles/cmTC_a9374.dir/link.txt --verbose=1
/usr/lib/ccache/c++   -Wall  -Wextra CMakeFiles/cmTC_a9374.dir/src.cxx.o -o cmTC_a9374 
make[1]: Leaving directory '/home/anupam/github_robotics/simulator/mujoco/build/CMakeFiles/CMakeScratch/TryCompile-xXI5ai'


Source file was:
int main() { return 0; }

Performing C++ SOURCE FILE Test HAVE_CXX_FLAG_WSHADOW succeeded with the following output:
Change Dir: /home/anupam/github_robotics/simulator/mujoco/build/CMakeFiles/CMakeScratch/TryCompile-LmTNnq

Run Build Command(s):/usr/bin/make -f Makefile cmTC_c1cd5/fast && /usr/bin/make  -f CMakeFiles/cmTC_c1cd5.dir/build.make CMakeFiles/cmTC_c1cd5.dir/build
make[1]: Entering directory '/home/anupam/github_robotics/simulator/mujoco/build/CMakeFiles/CMakeScratch/TryCompile-LmTNnq'
Building CXX object CMakeFiles/cmTC_c1cd5.dir/src.cxx.o
/usr/lib/ccache/c++ -DHAVE_CXX_FLAG_WSHADOW  -Wall  -Wextra  -Wshadow -fPIE   -Wshadow -std=c++11 -o CMakeFiles/cmTC_c1cd5.dir/src.cxx.o -c /home/anupam/github_robotics/simulator/mujoco/build/CMakeFiles/CMakeScratch/TryCompile-LmTNnq/src.cxx
Linking CXX executable cmTC_c1cd5
/usr/local/bin/cmake -E cmake_link_script CMakeFiles/cmTC_c1cd5.dir/link.txt --verbose=1
/usr/lib/ccache/c++   -Wall  -Wextra  -Wshadow CMakeFiles/cmTC_c1cd5.dir/src.cxx.o -o cmTC_c1cd5 
make[1]: Leaving directory '/home/anupam/github_robotics/simulator/mujoco/build/CMakeFiles/CMakeScratch/TryCompile-LmTNnq'


Source file was:
int main() { return 0; }

Performing C++ SOURCE FILE Test HAVE_CXX_FLAG_WFLOAT_EQUAL succeeded with the following output:
Change Dir: /home/anupam/github_robotics/simulator/mujoco/build/CMakeFiles/CMakeScratch/TryCompile-kAp8My

Run Build Command(s):/usr/bin/make -f Makefile cmTC_5dfb9/fast && /usr/bin/make  -f CMakeFiles/cmTC_5dfb9.dir/build.make CMakeFiles/cmTC_5dfb9.dir/build
make[1]: Entering directory '/home/anupam/github_robotics/simulator/mujoco/build/CMakeFiles/CMakeScratch/TryCompile-kAp8My'
Building CXX object CMakeFiles/cmTC_5dfb9.dir/src.cxx.o
/usr/lib/ccache/c++ -DHAVE_CXX_FLAG_WFLOAT_EQUAL  -Wall  -Wextra  -Wshadow  -Wfloat-equal -fPIE   -Wfloat-equal -std=c++11 -o CMakeFiles/cmTC_5dfb9.dir/src.cxx.o -c /home/anupam/github_robotics/simulator/mujoco/build/CMakeFiles/CMakeScratch/TryCompile-kAp8My/src.cxx
Linking CXX executable cmTC_5dfb9
/usr/local/bin/cmake -E cmake_link_script CMakeFiles/cmTC_5dfb9.dir/link.txt --verbose=1
/usr/lib/ccache/c++   -Wall  -Wextra  -Wshadow  -Wfloat-equal CMakeFiles/cmTC_5dfb9.dir/src.cxx.o -o cmTC_5dfb9 
make[1]: Leaving directory '/home/anupam/github_robotics/simulator/mujoco/build/CMakeFiles/CMakeScratch/TryCompile-kAp8My'


Source file was:
int main() { return 0; }

Performing C++ SOURCE FILE Test HAVE_CXX_FLAG_WERROR succeeded with the following output:
Change Dir: /home/anupam/github_robotics/simulator/mujoco/build/CMakeFiles/CMakeScratch/TryCompile-U0QzoH

Run Build Command(s):/usr/bin/make -f Makefile cmTC_0adf0/fast && /usr/bin/make  -f CMakeFiles/cmTC_0adf0.dir/build.make CMakeFiles/cmTC_0adf0.dir/build
make[1]: Entering directory '/home/anupam/github_robotics/simulator/mujoco/build/CMakeFiles/CMakeScratch/TryCompile-U0QzoH'
Building CXX object CMakeFiles/cmTC_0adf0.dir/src.cxx.o
/usr/lib/ccache/c++ -DHAVE_CXX_FLAG_WERROR  -Wall  -Wextra  -Wshadow  -Wfloat-equal  -Werror -fPIE   -Werror -std=c++11 -o CMakeFiles/cmTC_0adf0.dir/src.cxx.o -c /home/anupam/github_robotics/simulator/mujoco/build/CMakeFiles/CMakeScratch/TryCompile-U0QzoH/src.cxx
Linking CXX executable cmTC_0adf0
/usr/local/bin/cmake -E cmake_link_script CMakeFiles/cmTC_0adf0.dir/link.txt --verbose=1
/usr/lib/ccache/c++   -Wall  -Wextra  -Wshadow  -Wfloat-equal  -Werror CMakeFiles/cmTC_0adf0.dir/src.cxx.o -o cmTC_0adf0 
make[1]: Leaving directory '/home/anupam/github_robotics/simulator/mujoco/build/CMakeFiles/CMakeScratch/TryCompile-U0QzoH'


Source file was:
int main() { return 0; }

Performing C++ SOURCE FILE Test HAVE_CXX_FLAG_WSUGGEST_OVERRIDE succeeded with the following output:
Change Dir: /home/anupam/github_robotics/simulator/mujoco/build/CMakeFiles/CMakeScratch/TryCompile-f8PecQ

Run Build Command(s):/usr/bin/make -f Makefile cmTC_6921c/fast && /usr/bin/make  -f CMakeFiles/cmTC_6921c.dir/build.make CMakeFiles/cmTC_6921c.dir/build
make[1]: Entering directory '/home/anupam/github_robotics/simulator/mujoco/build/CMakeFiles/CMakeScratch/TryCompile-f8PecQ'
Building CXX object CMakeFiles/cmTC_6921c.dir/src.cxx.o
/usr/lib/ccache/c++ -DHAVE_CXX_FLAG_WSUGGEST_OVERRIDE  -Wall  -Wextra  -Wshadow  -Wfloat-equal  -Wsuggest-override -fPIE   -Wsuggest-override -std=c++11 -o CMakeFiles/cmTC_6921c.dir/src.cxx.o -c /home/anupam/github_robotics/simulator/mujoco/build/CMakeFiles/CMakeScratch/TryCompile-f8PecQ/src.cxx
Linking CXX executable cmTC_6921c
/usr/local/bin/cmake -E cmake_link_script CMakeFiles/cmTC_6921c.dir/link.txt --verbose=1
/usr/lib/ccache/c++   -Wall  -Wextra  -Wshadow  -Wfloat-equal  -Wsuggest-override CMakeFiles/cmTC_6921c.dir/src.cxx.o -o cmTC_6921c 
make[1]: Leaving directory '/home/anupam/github_robotics/simulator/mujoco/build/CMakeFiles/CMakeScratch/TryCompile-f8PecQ'


Source file was:
int main() { return 0; }

Performing C++ SOURCE FILE Test HAVE_CXX_FLAG_PEDANTIC succeeded with the following output:
Change Dir: /home/anupam/github_robotics/simulator/mujoco/build/CMakeFiles/CMakeScratch/TryCompile-Uyv0bZ

Run Build Command(s):/usr/bin/make -f Makefile cmTC_f4f0d/fast && /usr/bin/make  -f CMakeFiles/cmTC_f4f0d.dir/build.make CMakeFiles/cmTC_f4f0d.dir/build
make[1]: Entering directory '/home/anupam/github_robotics/simulator/mujoco/build/CMakeFiles/CMakeScratch/TryCompile-Uyv0bZ'
Building CXX object CMakeFiles/cmTC_f4f0d.dir/src.cxx.o
/usr/lib/ccache/c++ -DHAVE_CXX_FLAG_PEDANTIC  -Wall  -Wextra  -Wshadow  -Wfloat-equal  -Wsuggest-override  -pedantic -fPIE   -pedantic -std=c++11 -o CMakeFiles/cmTC_f4f0d.dir/src.cxx.o -c /home/anupam/github_robotics/simulator/mujoco/build/CMakeFiles/CMakeScratch/TryCompile-Uyv0bZ/src.cxx
Linking CXX executable cmTC_f4f0d
/usr/local/bin/cmake -E cmake_link_script CMakeFiles/cmTC_f4f0d.dir/link.txt --verbose=1
/usr/lib/ccache/c++   -Wall  -Wextra  -Wshadow  -Wfloat-equal  -Wsuggest-override  -pedantic CMakeFiles/cmTC_f4f0d.dir/src.cxx.o -o cmTC_f4f0d 
make[1]: Leaving directory '/home/anupam/github_robotics/simulator/mujoco/build/CMakeFiles/CMakeScratch/TryCompile-Uyv0bZ'


Source file was:
int main() { return 0; }

Performing C++ SOURCE FILE Test HAVE_CXX_FLAG_PEDANTIC_ERRORS succeeded with the following output:
Change Dir: /home/anupam/github_robotics/simulator/mujoco/build/CMakeFiles/CMakeScratch/TryCompile-gdcjo8

Run Build Command(s):/usr/bin/make -f Makefile cmTC_377dd/fast && /usr/bin/make  -f CMakeFiles/cmTC_377dd.dir/build.make CMakeFiles/cmTC_377dd.dir/build
make[1]: Entering directory '/home/anupam/github_robotics/simulator/mujoco/build/CMakeFiles/CMakeScratch/TryCompile-gdcjo8'
Building CXX object CMakeFiles/cmTC_377dd.dir/src.cxx.o
/usr/lib/ccache/c++ -DHAVE_CXX_FLAG_PEDANTIC_ERRORS  -Wall  -Wextra  -Wshadow  -Wfloat-equal  -Wsuggest-override  -pedantic  -pedantic-errors -fPIE   -pedantic-errors -std=c++11 -o CMakeFiles/cmTC_377dd.dir/src.cxx.o -c /home/anupam/github_robotics/simulator/mujoco/build/CMakeFiles/CMakeScratch/TryCompile-gdcjo8/src.cxx
Linking CXX executable cmTC_377dd
/usr/local/bin/cmake -E cmake_link_script CMakeFiles/cmTC_377dd.dir/link.txt --verbose=1
/usr/lib/ccache/c++   -Wall  -Wextra  -Wshadow  -Wfloat-equal  -Wsuggest-override  -pedantic  -pedantic-errors CMakeFiles/cmTC_377dd.dir/src.cxx.o -o cmTC_377dd 
make[1]: Leaving directory '/home/anupam/github_robotics/simulator/mujoco/build/CMakeFiles/CMakeScratch/TryCompile-gdcjo8'


Source file was:
int main() { return 0; }

Performing C++ SOURCE FILE Test HAVE_CXX_FLAG_FSTRICT_ALIASING succeeded with the following output:
Change Dir: /home/anupam/github_robotics/simulator/mujoco/build/CMakeFiles/CMakeScratch/TryCompile-DXlAir

Run Build Command(s):/usr/bin/make -f Makefile cmTC_54459/fast && /usr/bin/make  -f CMakeFiles/cmTC_54459.dir/build.make CMakeFiles/cmTC_54459.dir/build
make[1]: Entering directory '/home/anupam/github_robotics/simulator/mujoco/build/CMakeFiles/CMakeScratch/TryCompile-DXlAir'
Building CXX object CMakeFiles/cmTC_54459.dir/src.cxx.o
/usr/lib/ccache/c++ -DHAVE_CXX_FLAG_FSTRICT_ALIASING  -Wall  -Wextra  -Wshadow  -Wfloat-equal  -Wsuggest-override  -pedantic  -pedantic-errors  -fstrict-aliasing -fPIE   -fstrict-aliasing -std=c++11 -o CMakeFiles/cmTC_54459.dir/src.cxx.o -c /home/anupam/github_robotics/simulator/mujoco/build/CMakeFiles/CMakeScratch/TryCompile-DXlAir/src.cxx
Linking CXX executable cmTC_54459
/usr/local/bin/cmake -E cmake_link_script CMakeFiles/cmTC_54459.dir/link.txt --verbose=1
/usr/lib/ccache/c++   -Wall  -Wextra  -Wshadow  -Wfloat-equal  -Wsuggest-override  -pedantic  -pedantic-errors  -fstrict-aliasing CMakeFiles/cmTC_54459.dir/src.cxx.o -o cmTC_54459 
make[1]: Leaving directory '/home/anupam/github_robotics/simulator/mujoco/build/CMakeFiles/CMakeScratch/TryCompile-DXlAir'


Source file was:
int main() { return 0; }

Performing C++ SOURCE FILE Test HAVE_CXX_FLAG_WNO_DEPRECATED_DECLARATIONS succeeded with the following output:
Change Dir: /home/anupam/github_robotics/simulator/mujoco/build/CMakeFiles/CMakeScratch/TryCompile-CS4l0A

Run Build Command(s):/usr/bin/make -f Makefile cmTC_21f76/fast && /usr/bin/make  -f CMakeFiles/cmTC_21f76.dir/build.make CMakeFiles/cmTC_21f76.dir/build
make[1]: Entering directory '/home/anupam/github_robotics/simulator/mujoco/build/CMakeFiles/CMakeScratch/TryCompile-CS4l0A'
Building CXX object CMakeFiles/cmTC_21f76.dir/src.cxx.o
/usr/lib/ccache/c++ -DHAVE_CXX_FLAG_WNO_DEPRECATED_DECLARATIONS  -Wall  -Wextra  -Wshadow  -Wfloat-equal  -Wsuggest-override  -pedantic  -pedantic-errors  -fstrict-aliasing  -Wno-deprecated-declarations -fPIE   -Wno-deprecated-declarations -std=c++11 -o CMakeFiles/cmTC_21f76.dir/src.cxx.o -c /home/anupam/github_robotics/simulator/mujoco/build/CMakeFiles/CMakeScratch/TryCompile-CS4l0A/src.cxx
Linking CXX executable cmTC_21f76
/usr/local/bin/cmake -E cmake_link_script CMakeFiles/cmTC_21f76.dir/link.txt --verbose=1
/usr/lib/ccache/c++   -Wall  -Wextra  -Wshadow  -Wfloat-equal  -Wsuggest-override  -pedantic  -pedantic-errors  -fstrict-aliasing  -Wno-deprecated-declarations CMakeFiles/cmTC_21f76.dir/src.cxx.o -o cmTC_21f76 
make[1]: Leaving directory '/home/anupam/github_robotics/simulator/mujoco/build/CMakeFiles/CMakeScratch/TryCompile-CS4l0A'


Source file was:
int main() { return 0; }

Performing C++ SOURCE FILE Test HAVE_CXX_FLAG_WNO_DEPRECATED succeeded with the following output:
Change Dir: /home/anupam/github_robotics/simulator/mujoco/build/CMakeFiles/CMakeScratch/TryCompile-nF4gUK

Run Build Command(s):/usr/bin/make -f Makefile cmTC_b8c94/fast && /usr/bin/make  -f CMakeFiles/cmTC_b8c94.dir/build.make CMakeFiles/cmTC_b8c94.dir/build
make[1]: Entering directory '/home/anupam/github_robotics/simulator/mujoco/build/CMakeFiles/CMakeScratch/TryCompile-nF4gUK'
Building CXX object CMakeFiles/cmTC_b8c94.dir/src.cxx.o
/usr/lib/ccache/c++ -DHAVE_CXX_FLAG_WNO_DEPRECATED  -Wall  -Wextra  -Wshadow  -Wfloat-equal  -Wsuggest-override  -pedantic  -pedantic-errors  -fstrict-aliasing  -Wno-deprecated-declarations  -Wno-deprecated -fPIE   -Wno-deprecated -std=c++11 -o CMakeFiles/cmTC_b8c94.dir/src.cxx.o -c /home/anupam/github_robotics/simulator/mujoco/build/CMakeFiles/CMakeScratch/TryCompile-nF4gUK/src.cxx
Linking CXX executable cmTC_b8c94
/usr/local/bin/cmake -E cmake_link_script CMakeFiles/cmTC_b8c94.dir/link.txt --verbose=1
/usr/lib/ccache/c++   -Wall  -Wextra  -Wshadow  -Wfloat-equal  -Wsuggest-override  -pedantic  -pedantic-errors  -fstrict-aliasing  -Wno-deprecated-declarations  -Wno-deprecated CMakeFiles/cmTC_b8c94.dir/src.cxx.o -o cmTC_b8c94 
make[1]: Leaving directory '/home/anupam/github_robotics/simulator/mujoco/build/CMakeFiles/CMakeScratch/TryCompile-nF4gUK'


Source file was:
int main() { return 0; }

Performing C++ SOURCE FILE Test HAVE_CXX_FLAG_WSTRICT_ALIASING succeeded with the following output:
Change Dir: /home/anupam/github_robotics/simulator/mujoco/build/CMakeFiles/CMakeScratch/TryCompile-IcZx0U

Run Build Command(s):/usr/bin/make -f Makefile cmTC_c0ace/fast && /usr/bin/make  -f CMakeFiles/cmTC_c0ace.dir/build.make CMakeFiles/cmTC_c0ace.dir/build
make[1]: Entering directory '/home/anupam/github_robotics/simulator/mujoco/build/CMakeFiles/CMakeScratch/TryCompile-IcZx0U'
Building CXX object CMakeFiles/cmTC_c0ace.dir/src.cxx.o
/usr/lib/ccache/c++ -DHAVE_CXX_FLAG_WSTRICT_ALIASING  -Wall  -Wextra  -Wshadow  -Wfloat-equal  -Wsuggest-override  -pedantic  -pedantic-errors  -fstrict-aliasing  -Wno-deprecated-declarations  -Wstrict-aliasing -fPIE   -Wstrict-aliasing -std=c++11 -o CMakeFiles/cmTC_c0ace.dir/src.cxx.o -c /home/anupam/github_robotics/simulator/mujoco/build/CMakeFiles/CMakeScratch/TryCompile-IcZx0U/src.cxx
Linking CXX executable cmTC_c0ace
/usr/local/bin/cmake -E cmake_link_script CMakeFiles/cmTC_c0ace.dir/link.txt --verbose=1
/usr/lib/ccache/c++   -Wall  -Wextra  -Wshadow  -Wfloat-equal  -Wsuggest-override  -pedantic  -pedantic-errors  -fstrict-aliasing  -Wno-deprecated-declarations  -Wstrict-aliasing CMakeFiles/cmTC_c0ace.dir/src.cxx.o -o cmTC_c0ace 
make[1]: Leaving directory '/home/anupam/github_robotics/simulator/mujoco/build/CMakeFiles/CMakeScratch/TryCompile-IcZx0U'


Source file was:
int main() { return 0; }

Performing C++ SOURCE FILE Test HAVE_CXX_FLAG_COVERAGE succeeded with the following output:
Change Dir: /home/anupam/github_robotics/simulator/mujoco/build/CMakeFiles/CMakeScratch/TryCompile-RqEk7p

Run Build Command(s):/usr/bin/make -f Makefile cmTC_26b2d/fast && /usr/bin/make  -f CMakeFiles/cmTC_26b2d.dir/build.make CMakeFiles/cmTC_26b2d.dir/build
make[1]: Entering directory '/home/anupam/github_robotics/simulator/mujoco/build/CMakeFiles/CMakeScratch/TryCompile-RqEk7p'
Building CXX object CMakeFiles/cmTC_26b2d.dir/src.cxx.o
/usr/lib/ccache/c++ -DHAVE_CXX_FLAG_COVERAGE  -Wall  -Wextra  -Wshadow  -Wfloat-equal  -Wsuggest-override  -pedantic  -pedantic-errors  -fstrict-aliasing  -Wno-deprecated-declarations  -Wstrict-aliasing  --coverage -fPIE   --coverage -std=c++11 -o CMakeFiles/cmTC_26b2d.dir/src.cxx.o -c /home/anupam/github_robotics/simulator/mujoco/build/CMakeFiles/CMakeScratch/TryCompile-RqEk7p/src.cxx
Linking CXX executable cmTC_26b2d
/usr/local/bin/cmake -E cmake_link_script CMakeFiles/cmTC_26b2d.dir/link.txt --verbose=1
/usr/lib/ccache/c++   -Wall  -Wextra  -Wshadow  -Wfloat-equal  -Wsuggest-override  -pedantic  -pedantic-errors  -fstrict-aliasing  -Wno-deprecated-declarations  -Wstrict-aliasing  --coverage CMakeFiles/cmTC_26b2d.dir/src.cxx.o -o cmTC_26b2d 
make[1]: Leaving directory '/home/anupam/github_robotics/simulator/mujoco/build/CMakeFiles/CMakeScratch/TryCompile-RqEk7p'


Source file was:
int main() { return 0; }

Determining if the function XOpenDisplay exists in the /usr/lib/x86_64-linux-gnu/libX11.so;/usr/lib/x86_64-linux-gnu/libXext.so passed with the following output:
Change Dir: /home/anupam/github_robotics/simulator/mujoco/build/CMakeFiles/CMakeScratch/TryCompile-m4Nhqx

Run Build Command(s):/usr/bin/make -f Makefile cmTC_4df17/fast && /usr/bin/make  -f CMakeFiles/cmTC_4df17.dir/build.make CMakeFiles/cmTC_4df17.dir/build
make[1]: Entering directory '/home/anupam/github_robotics/simulator/mujoco/build/CMakeFiles/CMakeScratch/TryCompile-m4Nhqx'
Building C object CMakeFiles/cmTC_4df17.dir/CheckFunctionExists.c.o
/usr/lib/ccache/cc   -DCHECK_FUNCTION_EXISTS=XOpenDisplay -fPIE -o CMakeFiles/cmTC_4df17.dir/CheckFunctionExists.c.o -c /home/anupam/github_robotics/simulator/mujoco/build/CMakeFiles/CMakeScratch/TryCompile-m4Nhqx/CheckFunctionExists.c
Linking C executable cmTC_4df17
/usr/local/bin/cmake -E cmake_link_script CMakeFiles/cmTC_4df17.dir/link.txt --verbose=1
/usr/lib/ccache/cc  -DCHECK_FUNCTION_EXISTS=XOpenDisplay CMakeFiles/cmTC_4df17.dir/CheckFunctionExists.c.o -o cmTC_4df17  /usr/lib/x86_64-linux-gnu/libX11.so /usr/lib/x86_64-linux-gnu/libXext.so 
make[1]: Leaving directory '/home/anupam/github_robotics/simulator/mujoco/build/CMakeFiles/CMakeScratch/TryCompile-m4Nhqx'



Determining if the function gethostbyname exists passed with the following output:
Change Dir: /home/anupam/github_robotics/simulator/mujoco/build/CMakeFiles/CMakeScratch/TryCompile-ABuqdn

Run Build Command(s):/usr/bin/make -f Makefile cmTC_0f543/fast && /usr/bin/make  -f CMakeFiles/cmTC_0f543.dir/build.make CMakeFiles/cmTC_0f543.dir/build
make[1]: Entering directory '/home/anupam/github_robotics/simulator/mujoco/build/CMakeFiles/CMakeScratch/TryCompile-ABuqdn'
Building C object CMakeFiles/cmTC_0f543.dir/CheckFunctionExists.c.o
/usr/lib/ccache/cc   -DCHECK_FUNCTION_EXISTS=gethostbyname -fPIE -std=c11 -o CMakeFiles/cmTC_0f543.dir/CheckFunctionExists.c.o -c /home/anupam/github_robotics/simulator/mujoco/build/CMakeFiles/CMakeScratch/TryCompile-ABuqdn/CheckFunctionExists.c
Linking C executable cmTC_0f543
/usr/local/bin/cmake -E cmake_link_script CMakeFiles/cmTC_0f543.dir/link.txt --verbose=1
/usr/lib/ccache/cc  -DCHECK_FUNCTION_EXISTS=gethostbyname CMakeFiles/cmTC_0f543.dir/CheckFunctionExists.c.o -o cmTC_0f543 
make[1]: Leaving directory '/home/anupam/github_robotics/simulator/mujoco/build/CMakeFiles/CMakeScratch/TryCompile-ABuqdn'



Determining if the function connect exists passed with the following output:
Change Dir: /home/anupam/github_robotics/simulator/mujoco/build/CMakeFiles/CMakeScratch/TryCompile-8MYzad

Run Build Command(s):/usr/bin/make -f Makefile cmTC_fb499/fast && /usr/bin/make  -f CMakeFiles/cmTC_fb499.dir/build.make CMakeFiles/cmTC_fb499.dir/build
make[1]: Entering directory '/home/anupam/github_robotics/simulator/mujoco/build/CMakeFiles/CMakeScratch/TryCompile-8MYzad'
Building C object CMakeFiles/cmTC_fb499.dir/CheckFunctionExists.c.o
/usr/lib/ccache/cc   -DCHECK_FUNCTION_EXISTS=connect -fPIE -std=c11 -o CMakeFiles/cmTC_fb499.dir/CheckFunctionExists.c.o -c /home/anupam/github_robotics/simulator/mujoco/build/CMakeFiles/CMakeScratch/TryCompile-8MYzad/CheckFunctionExists.c
Linking C executable cmTC_fb499
/usr/local/bin/cmake -E cmake_link_script CMakeFiles/cmTC_fb499.dir/link.txt --verbose=1
/usr/lib/ccache/cc  -DCHECK_FUNCTION_EXISTS=connect CMakeFiles/cmTC_fb499.dir/CheckFunctionExists.c.o -o cmTC_fb499 
make[1]: Leaving directory '/home/anupam/github_robotics/simulator/mujoco/build/CMakeFiles/CMakeScratch/TryCompile-8MYzad'



Determining if the function remove exists passed with the following output:
Change Dir: /home/anupam/github_robotics/simulator/mujoco/build/CMakeFiles/CMakeScratch/TryCompile-ZdjNi3

Run Build Command(s):/usr/bin/make -f Makefile cmTC_25c97/fast && /usr/bin/make  -f CMakeFiles/cmTC_25c97.dir/build.make CMakeFiles/cmTC_25c97.dir/build
make[1]: Entering directory '/home/anupam/github_robotics/simulator/mujoco/build/CMakeFiles/CMakeScratch/TryCompile-ZdjNi3'
Building C object CMakeFiles/cmTC_25c97.dir/CheckFunctionExists.c.o
/usr/lib/ccache/cc   -DCHECK_FUNCTION_EXISTS=remove -fPIE -std=c11 -o CMakeFiles/cmTC_25c97.dir/CheckFunctionExists.c.o -c /home/anupam/github_robotics/simulator/mujoco/build/CMakeFiles/CMakeScratch/TryCompile-ZdjNi3/CheckFunctionExists.c
Linking C executable cmTC_25c97
/usr/local/bin/cmake -E cmake_link_script CMakeFiles/cmTC_25c97.dir/link.txt --verbose=1
/usr/lib/ccache/cc  -DCHECK_FUNCTION_EXISTS=remove CMakeFiles/cmTC_25c97.dir/CheckFunctionExists.c.o -o cmTC_25c97 
make[1]: Leaving directory '/home/anupam/github_robotics/simulator/mujoco/build/CMakeFiles/CMakeScratch/TryCompile-ZdjNi3'



Determining if the function shmat exists passed with the following output:
Change Dir: /home/anupam/github_robotics/simulator/mujoco/build/CMakeFiles/CMakeScratch/TryCompile-97FQBT

Run Build Command(s):/usr/bin/make -f Makefile cmTC_5d8e0/fast && /usr/bin/make  -f CMakeFiles/cmTC_5d8e0.dir/build.make CMakeFiles/cmTC_5d8e0.dir/build
make[1]: Entering directory '/home/anupam/github_robotics/simulator/mujoco/build/CMakeFiles/CMakeScratch/TryCompile-97FQBT'
Building C object CMakeFiles/cmTC_5d8e0.dir/CheckFunctionExists.c.o
/usr/lib/ccache/cc   -DCHECK_FUNCTION_EXISTS=shmat -fPIE -std=c11 -o CMakeFiles/cmTC_5d8e0.dir/CheckFunctionExists.c.o -c /home/anupam/github_robotics/simulator/mujoco/build/CMakeFiles/CMakeScratch/TryCompile-97FQBT/CheckFunctionExists.c
Linking C executable cmTC_5d8e0
/usr/local/bin/cmake -E cmake_link_script CMakeFiles/cmTC_5d8e0.dir/link.txt --verbose=1
/usr/lib/ccache/cc  -DCHECK_FUNCTION_EXISTS=shmat CMakeFiles/cmTC_5d8e0.dir/CheckFunctionExists.c.o -o cmTC_5d8e0 
make[1]: Leaving directory '/home/anupam/github_robotics/simulator/mujoco/build/CMakeFiles/CMakeScratch/TryCompile-97FQBT'



Determining if the function IceConnectionNumber exists in the ICE passed with the following output:
Change Dir: /home/anupam/github_robotics/simulator/mujoco/build/CMakeFiles/CMakeScratch/TryCompile-H51u5J

Run Build Command(s):/usr/bin/make -f Makefile cmTC_3b201/fast && /usr/bin/make  -f CMakeFiles/cmTC_3b201.dir/build.make CMakeFiles/cmTC_3b201.dir/build
make[1]: Entering directory '/home/anupam/github_robotics/simulator/mujoco/build/CMakeFiles/CMakeScratch/TryCompile-H51u5J'
Building C object CMakeFiles/cmTC_3b201.dir/CheckFunctionExists.c.o
/usr/lib/ccache/cc   -DCHECK_FUNCTION_EXISTS=IceConnectionNumber -fPIE -o CMakeFiles/cmTC_3b201.dir/CheckFunctionExists.c.o -c /home/anupam/github_robotics/simulator/mujoco/build/CMakeFiles/CMakeScratch/TryCompile-H51u5J/CheckFunctionExists.c
Linking C executable cmTC_3b201
/usr/local/bin/cmake -E cmake_link_script CMakeFiles/cmTC_3b201.dir/link.txt --verbose=1
/usr/lib/ccache/cc  -DCHECK_FUNCTION_EXISTS=IceConnectionNumber CMakeFiles/cmTC_3b201.dir/CheckFunctionExists.c.o -o cmTC_3b201  -lICE 
make[1]: Leaving directory '/home/anupam/github_robotics/simulator/mujoco/build/CMakeFiles/CMakeScratch/TryCompile-H51u5J'



